---------------------------------------------------------------
[ 2019-04-05T10:00:23+08:00 ] 127.0.0.1 GET /phone/login
[ info ] www.phone.com/phone/login [运行时间：0.094504s][吞吐率：10.58req/s] [内存消耗：3,081.16kb] [文件加载：42]
[ info ] [ LANG ] C:\wamp64\www\phone\thinkphp\lang\zh-cn.php
[ info ] [ ROUTE ] array (
  'type' => 'module',
  'module' => 
  array (
    0 => 'index',
    1 => 'login',
    2 => 'login',
  ),
  'convert' => false,
)
[ info ] [ HEADER ] array (
  'host' => 'www.phone.com',
  'connection' => 'keep-alive',
  'upgrade-insecure-requests' => '1',
  'user-agent' => 'Mozilla/5.0 (Windows NT 10.0; WOW64) AppleWebKit/537.36 (KHTML, like Gecko) Chrome/70.0.3538.110 Safari/537.36',
  'accept' => 'text/html,application/xhtml+xml,application/xml;q=0.9,image/webp,image/apng,*/*;q=0.8',
  'accept-encoding' => 'gzip, deflate',
  'accept-language' => 'zh-CN,zh;q=0.9',
)
[ info ] [ PARAM ] array (
)
[ info ] [ RUN ] app\index\controller\Login->login[ C:\wamp64\www\phone\ems\index\controller\Login.php ]
[ info ] [ SESSION ] INIT array (
  'id' => '',
  'var_session_id' => '',
  'prefix' => 'think',
  'type' => '',
  'auto_start' => true,
)
[ info ] [ VIEW ] C:\wamp64\www\phone\public/../ems/index\view\login\login.html [ array (
) ]
[ info ] [ LOG ] INIT File
---------------------------------------------------------------
[ 2019-04-05T10:00:24+08:00 ] 127.0.0.1 GET /static/layer/js/theme/default/layer.css?v=3.1.1
[ info ] www.phone.com/static/layer/js/theme/default/layer.css?v=3.1.1 [运行时间：0.041007s][吞吐率：24.39req/s] [内存消耗：2,499.99kb] [文件加载：35]
[ info ] [ LANG ] C:\wamp64\www\phone\thinkphp\lang\zh-cn.php
[ info ] [ ROUTE ] array (
  'type' => 'module',
  'module' => 
  array (
    0 => 'static',
    1 => 'layer',
    2 => 'js',
  ),
)
[ info ] [ HEADER ] array (
  'host' => 'www.phone.com',
  'connection' => 'keep-alive',
  'user-agent' => 'Mozilla/5.0 (Windows NT 10.0; WOW64) AppleWebKit/537.36 (KHTML, like Gecko) Chrome/70.0.3538.110 Safari/537.36',
  'accept' => 'text/css,*/*;q=0.1',
  'referer' => 'http://www.phone.com/phone/login',
  'accept-encoding' => 'gzip, deflate',
  'accept-language' => 'zh-CN,zh;q=0.9',
  'cookie' => 'PHPSESSID=rtb5fok8hm0gblvfui1kj4kbr1',
)
[ info ] [ PARAM ] array (
  'v' => '3.1.1',
  'theme' => 'default',
)
[ info ] [ LOG ] INIT File
---------------------------------------------------------------
[ 2019-04-05T10:00:34+08:00 ] 127.0.0.1 POST /phone/login.html
[ info ] www.phone.com/phone/login.html [运行时间：0.150963s][吞吐率：6.62req/s] [内存消耗：5,248.49kb] [文件加载：53]
[ info ] [ LANG ] C:\wamp64\www\phone\thinkphp\lang\zh-cn.php
[ info ] [ ROUTE ] array (
  'type' => 'module',
  'module' => 
  array (
    0 => 'index',
    1 => 'login',
    2 => 'login',
  ),
  'convert' => false,
)
[ info ] [ HEADER ] array (
  'host' => 'www.phone.com',
  'connection' => 'keep-alive',
  'content-length' => '52',
  'accept' => 'application/json, text/javascript, */*; q=0.01',
  'origin' => 'http://www.phone.com',
  'x-requested-with' => 'XMLHttpRequest',
  'user-agent' => 'Mozilla/5.0 (Windows NT 10.0; WOW64) AppleWebKit/537.36 (KHTML, like Gecko) Chrome/70.0.3538.110 Safari/537.36',
  'content-type' => 'application/x-www-form-urlencoded; charset=UTF-8',
  'referer' => 'http://www.phone.com/phone/login',
  'accept-encoding' => 'gzip, deflate',
  'accept-language' => 'zh-CN,zh;q=0.9',
  'cookie' => 'PHPSESSID=rtb5fok8hm0gblvfui1kj4kbr1',
)
[ info ] [ PARAM ] array (
  'username' => '管理员',
  'password' => '123456',
)
[ info ] [ RUN ] app\index\controller\Login->login[ C:\wamp64\www\phone\ems\index\controller\Login.php ]
[ info ] [ DB ] INIT mysql
[ info ] [ SESSION ] INIT array (
  'id' => '',
  'var_session_id' => '',
  'prefix' => 'think',
  'type' => '',
  'auto_start' => true,
)
[ info ] [ LOG ] INIT File
[ sql ] [ DB ] CONNECT:[ UseTime:0.016848s ] mysql:host=127.0.0.1;dbname=phonesystem;charset=utf8
[ sql ] [ SQL ] SHOW COLUMNS FROM `tp_manger` [ RunTime:0.014774s ]
[ sql ] [ SQL ] SELECT * FROM `tp_manger` WHERE (  `manger_name` = '管理员' ) AND `tp_manger`.`delete_time` IS NULL LIMIT 1 [ RunTime:0.002293s ]
---------------------------------------------------------------
[ 2019-04-05T10:00:37+08:00 ] 127.0.0.1 GET /phone/index.html
[ info ] www.phone.com/phone/index.html [运行时间：0.160520s][吞吐率：6.23req/s] [内存消耗：5,901.23kb] [文件加载：58]
[ info ] [ LANG ] C:\wamp64\www\phone\thinkphp\lang\zh-cn.php
[ info ] [ ROUTE ] array (
  'type' => 'module',
  'module' => 
  array (
    0 => 'index',
    1 => 'index',
    2 => 'index',
  ),
  'convert' => false,
)
[ info ] [ HEADER ] array (
  'host' => 'www.phone.com',
  'connection' => 'keep-alive',
  'upgrade-insecure-requests' => '1',
  'user-agent' => 'Mozilla/5.0 (Windows NT 10.0; WOW64) AppleWebKit/537.36 (KHTML, like Gecko) Chrome/70.0.3538.110 Safari/537.36',
  'accept' => 'text/html,application/xhtml+xml,application/xml;q=0.9,image/webp,image/apng,*/*;q=0.8',
  'referer' => 'http://www.phone.com/phone/login',
  'accept-encoding' => 'gzip, deflate',
  'accept-language' => 'zh-CN,zh;q=0.9',
  'cookie' => 'PHPSESSID=rtb5fok8hm0gblvfui1kj4kbr1',
)
[ info ] [ PARAM ] array (
)
[ info ] [ RUN ] app\index\controller\Index->index[ C:\wamp64\www\phone\ems\index\controller\Index.php ]
[ info ] [ SESSION ] INIT array (
  'id' => '',
  'var_session_id' => '',
  'prefix' => 'think',
  'type' => '',
  'auto_start' => true,
)
[ info ] [ DB ] INIT mysql
[ info ] [ VIEW ] C:\wamp64\www\phone\public/../ems/index\view\index\index.html [ array (
  0 => 'loginTime',
  1 => 'result',
) ]
[ info ] [ LOG ] INIT File
[ sql ] [ DB ] CONNECT:[ UseTime:0.005107s ] mysql:host=127.0.0.1;dbname=phonesystem;charset=utf8
[ sql ] [ SQL ] SHOW COLUMNS FROM `tp_manger` [ RunTime:0.002932s ]
[ sql ] [ SQL ] SELECT * FROM `tp_manger` WHERE (  `id` = 1 ) AND `tp_manger`.`delete_time` IS NULL LIMIT 1 [ RunTime:0.002119s ]
[ sql ] [ SQL ] SHOW COLUMNS FROM `tp_department` [ RunTime:0.006535s ]
[ sql ] [ SQL ] SELECT * FROM `tp_department` WHERE (  `id` = 1 ) AND `tp_department`.`delete_time` IS NULL [ RunTime:0.002297s ]
---------------------------------------------------------------
[ 2019-04-05T10:00:37+08:00 ] 127.0.0.1 GET /static/layer/js/theme/default/layer.css?v=3.1.1
[ info ] www.phone.com/static/layer/js/theme/default/layer.css?v=3.1.1 [运行时间：0.063700s][吞吐率：15.70req/s] [内存消耗：2,500.01kb] [文件加载：35]
[ info ] [ LANG ] C:\wamp64\www\phone\thinkphp\lang\zh-cn.php
[ info ] [ ROUTE ] array (
  'type' => 'module',
  'module' => 
  array (
    0 => 'static',
    1 => 'layer',
    2 => 'js',
  ),
)
[ info ] [ HEADER ] array (
  'host' => 'www.phone.com',
  'connection' => 'keep-alive',
  'user-agent' => 'Mozilla/5.0 (Windows NT 10.0; WOW64) AppleWebKit/537.36 (KHTML, like Gecko) Chrome/70.0.3538.110 Safari/537.36',
  'accept' => 'text/css,*/*;q=0.1',
  'referer' => 'http://www.phone.com/phone/index.html',
  'accept-encoding' => 'gzip, deflate',
  'accept-language' => 'zh-CN,zh;q=0.9',
  'cookie' => 'PHPSESSID=rtb5fok8hm0gblvfui1kj4kbr1',
)
[ info ] [ PARAM ] array (
  'v' => '3.1.1',
  'theme' => 'default',
)
[ info ] [ LOG ] INIT File
---------------------------------------------------------------
[ 2019-04-05T10:15:38+08:00 ] 127.0.0.1 GET /phone/department.html
[ info ] www.phone.com/phone/department.html [运行时间：0.204897s][吞吐率：4.88req/s] [内存消耗：5,852.08kb] [文件加载：58]
[ info ] [ LANG ] C:\wamp64\www\phone\thinkphp\lang\zh-cn.php
[ info ] [ ROUTE ] array (
  'type' => 'module',
  'module' => 
  array (
    0 => 'index',
    1 => 'index',
    2 => 'department',
  ),
  'convert' => false,
)
[ info ] [ HEADER ] array (
  'host' => 'www.phone.com',
  'connection' => 'keep-alive',
  'upgrade-insecure-requests' => '1',
  'user-agent' => 'Mozilla/5.0 (Windows NT 10.0; WOW64) AppleWebKit/537.36 (KHTML, like Gecko) Chrome/70.0.3538.110 Safari/537.36',
  'accept' => 'text/html,application/xhtml+xml,application/xml;q=0.9,image/webp,image/apng,*/*;q=0.8',
  'referer' => 'http://www.phone.com/phone/index.html',
  'accept-encoding' => 'gzip, deflate',
  'accept-language' => 'zh-CN,zh;q=0.9',
  'cookie' => 'PHPSESSID=rtb5fok8hm0gblvfui1kj4kbr1',
)
[ info ] [ PARAM ] array (
)
[ info ] [ RUN ] app\index\controller\Index->department[ C:\wamp64\www\phone\ems\index\controller\Index.php ]
[ info ] [ DB ] INIT mysql
[ info ] [ VIEW ] C:\wamp64\www\phone\public/../ems/index\view\index\department.html [ array (
  0 => 'data',
  1 => 'page',
  2 => 'pageinit',
) ]
[ info ] [ SESSION ] INIT array (
  'id' => '',
  'var_session_id' => '',
  'prefix' => 'think',
  'type' => '',
  'auto_start' => true,
)
[ info ] [ LOG ] INIT File
[ sql ] [ DB ] CONNECT:[ UseTime:0.016686s ] mysql:host=127.0.0.1;dbname=phonesystem;charset=utf8
[ sql ] [ SQL ] SHOW COLUMNS FROM `tp_department` [ RunTime:0.004085s ]
[ sql ] [ SQL ] SELECT COUNT(*) AS tp_count FROM `tp_department` WHERE `tp_department`.`delete_time` IS NULL LIMIT 1 [ RunTime:0.003382s ]
[ sql ] [ SQL ] SELECT * FROM `tp_department` WHERE `tp_department`.`delete_time` IS NULL ORDER BY `id` ASC LIMIT 0,4 [ RunTime:0.003714s ]
---------------------------------------------------------------
[ 2019-04-05T10:15:38+08:00 ] 127.0.0.1 GET /static/layer/js/theme/default/layer.css?v=3.1.1
[ info ] www.phone.com/static/layer/js/theme/default/layer.css?v=3.1.1 [运行时间：0.047277s][吞吐率：21.15req/s] [内存消耗：2,500.10kb] [文件加载：35]
[ info ] [ LANG ] C:\wamp64\www\phone\thinkphp\lang\zh-cn.php
[ info ] [ ROUTE ] array (
  'type' => 'module',
  'module' => 
  array (
    0 => 'static',
    1 => 'layer',
    2 => 'js',
  ),
)
[ info ] [ HEADER ] array (
  'host' => 'www.phone.com',
  'connection' => 'keep-alive',
  'user-agent' => 'Mozilla/5.0 (Windows NT 10.0; WOW64) AppleWebKit/537.36 (KHTML, like Gecko) Chrome/70.0.3538.110 Safari/537.36',
  'accept' => 'text/css,*/*;q=0.1',
  'referer' => 'http://www.phone.com/phone/department.html',
  'accept-encoding' => 'gzip, deflate',
  'accept-language' => 'zh-CN,zh;q=0.9',
  'cookie' => 'PHPSESSID=rtb5fok8hm0gblvfui1kj4kbr1',
)
[ info ] [ PARAM ] array (
  'v' => '3.1.1',
  'theme' => 'default',
)
[ info ] [ LOG ] INIT File
---------------------------------------------------------------
[ 2019-04-05T10:17:19+08:00 ] 127.0.0.1 POST /index/index/getdepinfo.html
[ info ] www.phone.com/index/index/getdepinfo.html [运行时间：0.142734s][吞吐率：7.01req/s] [内存消耗：5,459.29kb] [文件加载：54]
[ info ] [ LANG ] C:\wamp64\www\phone\thinkphp\lang\zh-cn.php
[ info ] [ ROUTE ] array (
  'type' => 'module',
  'module' => 
  array (
    0 => 'index',
    1 => 'index',
    2 => 'getdepinfo',
  ),
)
[ info ] [ HEADER ] array (
  'host' => 'www.phone.com',
  'connection' => 'keep-alive',
  'content-length' => '4',
  'accept' => 'application/json, text/javascript, */*; q=0.01',
  'origin' => 'http://www.phone.com',
  'x-requested-with' => 'XMLHttpRequest',
  'user-agent' => 'Mozilla/5.0 (Windows NT 10.0; WOW64) AppleWebKit/537.36 (KHTML, like Gecko) Chrome/70.0.3538.110 Safari/537.36',
  'content-type' => 'application/x-www-form-urlencoded; charset=UTF-8',
  'referer' => 'http://www.phone.com/phone/department.html',
  'accept-encoding' => 'gzip, deflate',
  'accept-language' => 'zh-CN,zh;q=0.9',
  'cookie' => 'PHPSESSID=rtb5fok8hm0gblvfui1kj4kbr1',
)
[ info ] [ PARAM ] array (
  'id' => '1',
)
[ info ] [ RUN ] app\index\controller\Index->getDepInfo[ C:\wamp64\www\phone\ems\index\controller\Index.php ]
[ info ] [ DB ] INIT mysql
[ info ] [ LOG ] INIT File
[ sql ] [ DB ] CONNECT:[ UseTime:0.012283s ] mysql:host=127.0.0.1;dbname=phonesystem;charset=utf8
[ sql ] [ SQL ] SHOW COLUMNS FROM `tp_manger` [ RunTime:0.002830s ]
[ sql ] [ SQL ] SELECT * FROM `tp_manger` WHERE (  `department_id` = 1 ) AND `tp_manger`.`delete_time` IS NULL [ RunTime:0.001933s ]
[ sql ] [ SQL ] SHOW COLUMNS FROM `tp_role` [ RunTime:0.005647s ]
[ sql ] [ SQL ] SELECT * FROM `tp_role` WHERE (  `id` IN (1,2) ) AND `tp_role`.`delete_time` IS NULL [ RunTime:0.002135s ]
---------------------------------------------------------------
[ 2019-04-05T10:17:26+08:00 ] 127.0.0.1 GET /phone/department.html
[ info ] www.phone.com/phone/department.html [运行时间：0.101398s][吞吐率：9.86req/s] [内存消耗：5,568.08kb] [文件加载：56]
[ info ] [ LANG ] C:\wamp64\www\phone\thinkphp\lang\zh-cn.php
[ info ] [ ROUTE ] array (
  'type' => 'module',
  'module' => 
  array (
    0 => 'index',
    1 => 'index',
    2 => 'department',
  ),
  'convert' => false,
)
[ info ] [ HEADER ] array (
  'host' => 'www.phone.com',
  'connection' => 'keep-alive',
  'upgrade-insecure-requests' => '1',
  'user-agent' => 'Mozilla/5.0 (Windows NT 10.0; WOW64) AppleWebKit/537.36 (KHTML, like Gecko) Chrome/70.0.3538.110 Safari/537.36',
  'accept' => 'text/html,application/xhtml+xml,application/xml;q=0.9,image/webp,image/apng,*/*;q=0.8',
  'referer' => 'http://www.phone.com/phone/department.html',
  'accept-encoding' => 'gzip, deflate',
  'accept-language' => 'zh-CN,zh;q=0.9',
  'cookie' => 'PHPSESSID=rtb5fok8hm0gblvfui1kj4kbr1',
)
[ info ] [ PARAM ] array (
)
[ info ] [ RUN ] app\index\controller\Index->department[ C:\wamp64\www\phone\ems\index\controller\Index.php ]
[ info ] [ DB ] INIT mysql
[ info ] [ VIEW ] C:\wamp64\www\phone\public/../ems/index\view\index\department.html [ array (
  0 => 'data',
  1 => 'page',
  2 => 'pageinit',
) ]
[ info ] [ SESSION ] INIT array (
  'id' => '',
  'var_session_id' => '',
  'prefix' => 'think',
  'type' => '',
  'auto_start' => true,
)
[ info ] [ LOG ] INIT File
[ sql ] [ DB ] CONNECT:[ UseTime:0.014236s ] mysql:host=127.0.0.1;dbname=phonesystem;charset=utf8
[ sql ] [ SQL ] SHOW COLUMNS FROM `tp_department` [ RunTime:0.001776s ]
[ sql ] [ SQL ] SELECT COUNT(*) AS tp_count FROM `tp_department` WHERE `tp_department`.`delete_time` IS NULL LIMIT 1 [ RunTime:0.001084s ]
[ sql ] [ SQL ] SELECT * FROM `tp_department` WHERE `tp_department`.`delete_time` IS NULL ORDER BY `id` ASC LIMIT 0,4 [ RunTime:0.001351s ]
---------------------------------------------------------------
[ 2019-04-05T10:17:27+08:00 ] 127.0.0.1 GET /static/layer/js/theme/default/layer.css?v=3.1.1
[ info ] www.phone.com/static/layer/js/theme/default/layer.css?v=3.1.1 [运行时间：0.048470s][吞吐率：20.63req/s] [内存消耗：2,500.10kb] [文件加载：35]
[ info ] [ LANG ] C:\wamp64\www\phone\thinkphp\lang\zh-cn.php
[ info ] [ ROUTE ] array (
  'type' => 'module',
  'module' => 
  array (
    0 => 'static',
    1 => 'layer',
    2 => 'js',
  ),
)
[ info ] [ HEADER ] array (
  'host' => 'www.phone.com',
  'connection' => 'keep-alive',
  'user-agent' => 'Mozilla/5.0 (Windows NT 10.0; WOW64) AppleWebKit/537.36 (KHTML, like Gecko) Chrome/70.0.3538.110 Safari/537.36',
  'accept' => 'text/css,*/*;q=0.1',
  'referer' => 'http://www.phone.com/phone/department.html',
  'accept-encoding' => 'gzip, deflate',
  'accept-language' => 'zh-CN,zh;q=0.9',
  'cookie' => 'PHPSESSID=rtb5fok8hm0gblvfui1kj4kbr1',
)
[ info ] [ PARAM ] array (
  'v' => '3.1.1',
  'theme' => 'default',
)
[ info ] [ LOG ] INIT File
