---------------------------------------------------------------
[ 2019-04-25T09:07:37+08:00 ] 127.0.0.1 GET /phone/login
[ info ] www.phone.com/phone/login [运行时间：0.101552s][吞吐率：9.85req/s] [内存消耗：5,203.59kb] [文件加载：52]
[ info ] [ LANG ] C:\wamp64\www\phone\thinkphp\lang\zh-cn.php
[ info ] [ ROUTE ] array (
  'type' => 'module',
  'module' => 
  array (
    0 => 'index',
    1 => 'login',
    2 => 'login',
  ),
  'convert' => false,
)
[ info ] [ HEADER ] array (
  'host' => 'www.phone.com',
  'connection' => 'keep-alive',
  'upgrade-insecure-requests' => '1',
  'user-agent' => 'Mozilla/5.0 (Windows NT 10.0; WOW64) AppleWebKit/537.36 (KHTML, like Gecko) Chrome/70.0.3538.110 Safari/537.36',
  'accept' => 'text/html,application/xhtml+xml,application/xml;q=0.9,image/webp,image/apng,*/*;q=0.8',
  'accept-encoding' => 'gzip, deflate',
  'accept-language' => 'zh-CN,zh;q=0.9',
)
[ info ] [ PARAM ] array (
)
[ info ] [ RUN ] app\index\controller\Login->login[ C:\wamp64\www\phone\ems\index\controller\Login.php ]
[ info ] [ SESSION ] INIT array (
  'id' => '',
  'var_session_id' => '',
  'prefix' => 'think',
  'type' => '',
  'auto_start' => true,
)
[ info ] [ DB ] INIT mysql
[ info ] [ VIEW ] C:\wamp64\www\phone\public/../ems/index\view\login\login.html [ array (
  0 => 'data',
) ]
[ info ] [ LOG ] INIT File
[ sql ] [ DB ] CONNECT:[ UseTime:0.004431s ] mysql:host=127.0.0.1;dbname=phonesystem;charset=utf8
[ sql ] [ SQL ] SHOW COLUMNS FROM `tp_system` [ RunTime:0.014777s ]
[ sql ] [ SQL ] SELECT * FROM `tp_system` WHERE `tp_system`.`delete_time` IS NULL LIMIT 1 [ RunTime:0.005006s ]
---------------------------------------------------------------
[ 2019-04-25T09:07:37+08:00 ] 127.0.0.1 GET /static/layer/js/theme/default/layer.css?v=3.1.1
[ info ] www.phone.com/static/layer/js/theme/default/layer.css?v=3.1.1 [运行时间：0.040203s][吞吐率：24.87req/s] [内存消耗：2,540.52kb] [文件加载：35]
[ info ] [ LANG ] C:\wamp64\www\phone\thinkphp\lang\zh-cn.php
[ info ] [ ROUTE ] array (
  'type' => 'module',
  'module' => 
  array (
    0 => 'static',
    1 => 'layer',
    2 => 'js',
  ),
)
[ info ] [ HEADER ] array (
  'host' => 'www.phone.com',
  'connection' => 'keep-alive',
  'user-agent' => 'Mozilla/5.0 (Windows NT 10.0; WOW64) AppleWebKit/537.36 (KHTML, like Gecko) Chrome/70.0.3538.110 Safari/537.36',
  'accept' => 'text/css,*/*;q=0.1',
  'referer' => 'http://www.phone.com/phone/login',
  'accept-encoding' => 'gzip, deflate',
  'accept-language' => 'zh-CN,zh;q=0.9',
  'cookie' => 'PHPSESSID=dtons1vnpp9l323sita6dntgk3',
)
[ info ] [ PARAM ] array (
  'v' => '3.1.1',
  'theme' => 'default',
)
[ info ] [ LOG ] INIT File
---------------------------------------------------------------
[ 2019-04-25T09:07:46+08:00 ] 127.0.0.1 POST /phone/login.html
[ info ] www.phone.com/phone/login.html [运行时间：0.062794s][吞吐率：15.93req/s] [内存消耗：5,298.89kb] [文件加载：53]
[ info ] [ LANG ] C:\wamp64\www\phone\thinkphp\lang\zh-cn.php
[ info ] [ ROUTE ] array (
  'type' => 'module',
  'module' => 
  array (
    0 => 'index',
    1 => 'login',
    2 => 'login',
  ),
  'convert' => false,
)
[ info ] [ HEADER ] array (
  'host' => 'www.phone.com',
  'connection' => 'keep-alive',
  'content-length' => '52',
  'accept' => 'application/json, text/javascript, */*; q=0.01',
  'origin' => 'http://www.phone.com',
  'x-requested-with' => 'XMLHttpRequest',
  'user-agent' => 'Mozilla/5.0 (Windows NT 10.0; WOW64) AppleWebKit/537.36 (KHTML, like Gecko) Chrome/70.0.3538.110 Safari/537.36',
  'content-type' => 'application/x-www-form-urlencoded; charset=UTF-8',
  'referer' => 'http://www.phone.com/phone/login',
  'accept-encoding' => 'gzip, deflate',
  'accept-language' => 'zh-CN,zh;q=0.9',
  'cookie' => 'PHPSESSID=dtons1vnpp9l323sita6dntgk3',
)
[ info ] [ PARAM ] array (
  'username' => '管理员',
  'password' => '123456',
)
[ info ] [ RUN ] app\index\controller\Login->login[ C:\wamp64\www\phone\ems\index\controller\Login.php ]
[ info ] [ DB ] INIT mysql
[ info ] [ SESSION ] INIT array (
  'id' => '',
  'var_session_id' => '',
  'prefix' => 'think',
  'type' => '',
  'auto_start' => true,
)
[ info ] [ LOG ] INIT File
[ sql ] [ DB ] CONNECT:[ UseTime:0.011600s ] mysql:host=127.0.0.1;dbname=phonesystem;charset=utf8
[ sql ] [ SQL ] SHOW COLUMNS FROM `tp_manger` [ RunTime:0.002954s ]
[ sql ] [ SQL ] SELECT * FROM `tp_manger` WHERE (  `manger_name` = '管理员' ) AND `tp_manger`.`delete_time` IS NULL LIMIT 1 [ RunTime:0.003741s ]
---------------------------------------------------------------
[ 2019-04-25T09:07:48+08:00 ] 127.0.0.1 GET /phone/index.html
[ info ] www.phone.com/phone/index.html [运行时间：0.084454s][吞吐率：11.84req/s] [内存消耗：6,200.56kb] [文件加载：58]
[ info ] [ LANG ] C:\wamp64\www\phone\thinkphp\lang\zh-cn.php
[ info ] [ ROUTE ] array (
  'type' => 'module',
  'module' => 
  array (
    0 => 'index',
    1 => 'index',
    2 => 'index',
  ),
  'convert' => false,
)
[ info ] [ HEADER ] array (
  'host' => 'www.phone.com',
  'connection' => 'keep-alive',
  'upgrade-insecure-requests' => '1',
  'user-agent' => 'Mozilla/5.0 (Windows NT 10.0; WOW64) AppleWebKit/537.36 (KHTML, like Gecko) Chrome/70.0.3538.110 Safari/537.36',
  'accept' => 'text/html,application/xhtml+xml,application/xml;q=0.9,image/webp,image/apng,*/*;q=0.8',
  'referer' => 'http://www.phone.com/phone/login',
  'accept-encoding' => 'gzip, deflate',
  'accept-language' => 'zh-CN,zh;q=0.9',
  'cookie' => 'PHPSESSID=dtons1vnpp9l323sita6dntgk3',
)
[ info ] [ PARAM ] array (
)
[ info ] [ RUN ] app\index\controller\Index->index[ C:\wamp64\www\phone\ems\index\controller\Index.php ]
[ info ] [ SESSION ] INIT array (
  'id' => '',
  'var_session_id' => '',
  'prefix' => 'think',
  'type' => '',
  'auto_start' => true,
)
[ info ] [ DB ] INIT mysql
[ info ] [ VIEW ] C:\wamp64\www\phone\public/../ems/index\view\index\index.html [ array (
  0 => 'loginTime',
  1 => 'result',
) ]
[ info ] [ LOG ] INIT File
[ sql ] [ DB ] CONNECT:[ UseTime:0.001863s ] mysql:host=127.0.0.1;dbname=phonesystem;charset=utf8
[ sql ] [ SQL ] SHOW COLUMNS FROM `tp_manger` [ RunTime:0.001901s ]
[ sql ] [ SQL ] SELECT * FROM `tp_manger` WHERE (  `id` = 2 ) AND `tp_manger`.`delete_time` IS NULL LIMIT 1 [ RunTime:0.001556s ]
[ sql ] [ SQL ] SHOW COLUMNS FROM `tp_department` [ RunTime:0.002914s ]
[ sql ] [ SQL ] SELECT * FROM `tp_department` WHERE (  `id` = 1 ) AND `tp_department`.`delete_time` IS NULL [ RunTime:0.003340s ]
---------------------------------------------------------------
[ 2019-04-25T09:07:48+08:00 ] 127.0.0.1 GET /static/layer/js/theme/default/layer.css?v=3.1.1
[ info ] www.phone.com/static/layer/js/theme/default/layer.css?v=3.1.1 [运行时间：0.031110s][吞吐率：32.14req/s] [内存消耗：2,540.47kb] [文件加载：35]
[ info ] [ LANG ] C:\wamp64\www\phone\thinkphp\lang\zh-cn.php
[ info ] [ ROUTE ] array (
  'type' => 'module',
  'module' => 
  array (
    0 => 'static',
    1 => 'layer',
    2 => 'js',
  ),
)
[ info ] [ HEADER ] array (
  'host' => 'www.phone.com',
  'connection' => 'keep-alive',
  'user-agent' => 'Mozilla/5.0 (Windows NT 10.0; WOW64) AppleWebKit/537.36 (KHTML, like Gecko) Chrome/70.0.3538.110 Safari/537.36',
  'accept' => 'text/css,*/*;q=0.1',
  'referer' => 'http://www.phone.com/phone/index.html',
  'accept-encoding' => 'gzip, deflate',
  'accept-language' => 'zh-CN,zh;q=0.9',
  'cookie' => 'PHPSESSID=dtons1vnpp9l323sita6dntgk3',
)
[ info ] [ PARAM ] array (
  'v' => '3.1.1',
  'theme' => 'default',
)
[ info ] [ LOG ] INIT File
