---------------------------------------------------------------
[ 2019-03-05T10:45:27+08:00 ] 127.0.0.1 GET /phone/login
[ info ] www.phone.com/phone/login [运行时间：0.078831s][吞吐率：12.69req/s] [内存消耗：3,060.00kb] [文件加载：42]
[ info ] [ LANG ] C:\wamp64\www\phone\thinkphp\lang\zh-cn.php
[ info ] [ ROUTE ] array (
  'type' => 'module',
  'module' => 
  array (
    0 => 'index',
    1 => 'login',
    2 => 'login',
  ),
  'convert' => false,
)
[ info ] [ HEADER ] array (
  'host' => 'www.phone.com',
  'connection' => 'keep-alive',
  'upgrade-insecure-requests' => '1',
  'user-agent' => 'Mozilla/5.0 (Windows NT 10.0; WOW64) AppleWebKit/537.36 (KHTML, like Gecko) Chrome/70.0.3538.110 Safari/537.36',
  'accept' => 'text/html,application/xhtml+xml,application/xml;q=0.9,image/webp,image/apng,*/*;q=0.8',
  'accept-encoding' => 'gzip, deflate',
  'accept-language' => 'zh-CN,zh;q=0.9',
)
[ info ] [ PARAM ] array (
)
[ info ] [ RUN ] app\index\controller\Login->login[ C:\wamp64\www\phone\ems\index\controller\Login.php ]
[ info ] [ SESSION ] INIT array (
  'id' => '',
  'var_session_id' => '',
  'prefix' => 'think',
  'type' => '',
  'auto_start' => true,
)
[ info ] [ VIEW ] C:\wamp64\www\phone\public/../ems/index\view\login\login.html [ array (
) ]
[ info ] [ LOG ] INIT File
---------------------------------------------------------------
[ 2019-03-05T10:45:27+08:00 ] 127.0.0.1 GET /static/layer/js/theme/default/layer.css?v=3.1.1
[ info ] www.phone.com/static/layer/js/theme/default/layer.css?v=3.1.1 [运行时间：0.048689s][吞吐率：20.54req/s] [内存消耗：2,479.97kb] [文件加载：35]
[ info ] [ LANG ] C:\wamp64\www\phone\thinkphp\lang\zh-cn.php
[ info ] [ ROUTE ] array (
  'type' => 'module',
  'module' => 
  array (
    0 => 'static',
    1 => 'layer',
    2 => 'js',
  ),
)
[ info ] [ HEADER ] array (
  'host' => 'www.phone.com',
  'connection' => 'keep-alive',
  'user-agent' => 'Mozilla/5.0 (Windows NT 10.0; WOW64) AppleWebKit/537.36 (KHTML, like Gecko) Chrome/70.0.3538.110 Safari/537.36',
  'accept' => 'text/css,*/*;q=0.1',
  'referer' => 'http://www.phone.com/phone/login',
  'accept-encoding' => 'gzip, deflate',
  'accept-language' => 'zh-CN,zh;q=0.9',
  'cookie' => 'PHPSESSID=n9qt8m2p5edv1d46pkfbdapv62',
)
[ info ] [ PARAM ] array (
  'v' => '3.1.1',
  'theme' => 'default',
)
[ info ] [ LOG ] INIT File
