---------------------------------------------------------------
[ 2019-03-15T17:36:54+08:00 ] 127.0.0.1 GET /index/index/addmanger.html
[ info ] www.phone.com/index/index/addmanger.html [运行时间：0.188563s][吞吐率：5.30req/s] [内存消耗：5,444.84kb] [文件加载：53]
[ info ] [ LANG ] C:\wamp64\www\phone\thinkphp\lang\zh-cn.php
[ info ] [ ROUTE ] array (
  'type' => 'module',
  'module' => 
  array (
    0 => 'index',
    1 => 'index',
    2 => 'addmanger',
  ),
)
[ info ] [ HEADER ] array (
  'host' => 'www.phone.com',
  'connection' => 'keep-alive',
  'cache-control' => 'max-age=0',
  'upgrade-insecure-requests' => '1',
  'user-agent' => 'Mozilla/5.0 (Windows NT 10.0; WOW64) AppleWebKit/537.36 (KHTML, like Gecko) Chrome/70.0.3538.110 Safari/537.36',
  'accept' => 'text/html,application/xhtml+xml,application/xml;q=0.9,image/webp,image/apng,*/*;q=0.8',
  'referer' => 'http://www.phone.com/phone/manger.html?page=2',
  'accept-encoding' => 'gzip, deflate',
  'accept-language' => 'zh-CN,zh;q=0.9',
  'cookie' => 'PHPSESSID=9sg2ddkua0mrc94bmkf5d6g0o4',
)
[ info ] [ PARAM ] array (
)
[ info ] [ RUN ] app\index\controller\Index->addManger[ C:\wamp64\www\phone\ems\index\controller\Index.php ]
[ info ] [ DB ] INIT mysql
[ info ] [ VIEW ] C:\wamp64\www\phone\public/../ems/index\view\index\add_manger.html [ array (
  0 => 'department',
  1 => 'role',
) ]
[ info ] [ SESSION ] INIT array (
  'id' => '',
  'var_session_id' => '',
  'prefix' => 'think',
  'type' => '',
  'auto_start' => true,
)
[ info ] [ LOG ] INIT File
[ sql ] [ DB ] CONNECT:[ UseTime:0.024493s ] mysql:host=127.0.0.1;dbname=phonesystem;charset=utf8
[ sql ] [ SQL ] SHOW COLUMNS FROM `tp_department` [ RunTime:0.041141s ]
[ sql ] [ SQL ] SELECT * FROM `tp_department` WHERE `tp_department`.`delete_time` IS NULL [ RunTime:0.007465s ]
[ sql ] [ SQL ] SHOW COLUMNS FROM `tp_role` [ RunTime:0.001294s ]
[ sql ] [ SQL ] SELECT * FROM `tp_role` WHERE (  `id` > 1 ) AND `tp_role`.`delete_time` IS NULL [ RunTime:0.002046s ]
---------------------------------------------------------------
[ 2019-03-15T17:36:54+08:00 ] 127.0.0.1 GET /static/bootstrap/popper.min.js.min.js
[ info ] www.phone.com/static/bootstrap/popper.min.js.min.js [运行时间：0.044772s][吞吐率：22.34req/s] [内存消耗：2,499.59kb] [文件加载：35]
[ info ] [ LANG ] C:\wamp64\www\phone\thinkphp\lang\zh-cn.php
[ info ] [ ROUTE ] array (
  'type' => 'module',
  'module' => 
  array (
    0 => 'static',
    1 => 'bootstrap',
    2 => 'popper.min.js.min.js',
  ),
)
[ info ] [ HEADER ] array (
  'host' => 'www.phone.com',
  'connection' => 'keep-alive',
  'user-agent' => 'Mozilla/5.0 (Windows NT 10.0; WOW64) AppleWebKit/537.36 (KHTML, like Gecko) Chrome/70.0.3538.110 Safari/537.36',
  'accept' => '*/*',
  'referer' => 'http://www.phone.com/index/index/addmanger.html',
  'accept-encoding' => 'gzip, deflate',
  'accept-language' => 'zh-CN,zh;q=0.9',
  'cookie' => 'PHPSESSID=9sg2ddkua0mrc94bmkf5d6g0o4',
)
[ info ] [ PARAM ] array (
)
[ info ] [ LOG ] INIT File
---------------------------------------------------------------
[ 2019-03-15T17:36:54+08:00 ] 127.0.0.1 GET /static/layer/js/theme/default/layer.css?v=3.1.1
[ info ] www.phone.com/static/layer/js/theme/default/layer.css?v=3.1.1 [运行时间：0.046737s][吞吐率：21.40req/s] [内存消耗：2,500.02kb] [文件加载：35]
[ info ] [ LANG ] C:\wamp64\www\phone\thinkphp\lang\zh-cn.php
[ info ] [ ROUTE ] array (
  'type' => 'module',
  'module' => 
  array (
    0 => 'static',
    1 => 'layer',
    2 => 'js',
  ),
)
[ info ] [ HEADER ] array (
  'host' => 'www.phone.com',
  'connection' => 'keep-alive',
  'user-agent' => 'Mozilla/5.0 (Windows NT 10.0; WOW64) AppleWebKit/537.36 (KHTML, like Gecko) Chrome/70.0.3538.110 Safari/537.36',
  'accept' => 'text/css,*/*;q=0.1',
  'referer' => 'http://www.phone.com/index/index/addmanger.html',
  'accept-encoding' => 'gzip, deflate',
  'accept-language' => 'zh-CN,zh;q=0.9',
  'cookie' => 'PHPSESSID=9sg2ddkua0mrc94bmkf5d6g0o4',
)
[ info ] [ PARAM ] array (
  'v' => '3.1.1',
  'theme' => 'default',
)
[ info ] [ LOG ] INIT File
---------------------------------------------------------------
[ 2019-03-15T17:36:56+08:00 ] 127.0.0.1 GET /phone/department.html
[ info ] www.phone.com/phone/department.html [运行时间：0.074233s][吞吐率：13.47req/s] [内存消耗：5,567.86kb] [文件加载：56]
[ info ] [ LANG ] C:\wamp64\www\phone\thinkphp\lang\zh-cn.php
[ info ] [ ROUTE ] array (
  'type' => 'module',
  'module' => 
  array (
    0 => 'index',
    1 => 'index',
    2 => 'department',
  ),
  'convert' => false,
)
[ info ] [ HEADER ] array (
  'host' => 'www.phone.com',
  'connection' => 'keep-alive',
  'upgrade-insecure-requests' => '1',
  'user-agent' => 'Mozilla/5.0 (Windows NT 10.0; WOW64) AppleWebKit/537.36 (KHTML, like Gecko) Chrome/70.0.3538.110 Safari/537.36',
  'accept' => 'text/html,application/xhtml+xml,application/xml;q=0.9,image/webp,image/apng,*/*;q=0.8',
  'referer' => 'http://www.phone.com/index/index/addmanger.html',
  'accept-encoding' => 'gzip, deflate',
  'accept-language' => 'zh-CN,zh;q=0.9',
  'cookie' => 'PHPSESSID=9sg2ddkua0mrc94bmkf5d6g0o4',
)
[ info ] [ PARAM ] array (
)
[ info ] [ RUN ] app\index\controller\Index->department[ C:\wamp64\www\phone\ems\index\controller\Index.php ]
[ info ] [ DB ] INIT mysql
[ info ] [ VIEW ] C:\wamp64\www\phone\public/../ems/index\view\index\department.html [ array (
  0 => 'data',
  1 => 'page',
  2 => 'pageinit',
) ]
[ info ] [ SESSION ] INIT array (
  'id' => '',
  'var_session_id' => '',
  'prefix' => 'think',
  'type' => '',
  'auto_start' => true,
)
[ info ] [ LOG ] INIT File
[ sql ] [ DB ] CONNECT:[ UseTime:0.001279s ] mysql:host=127.0.0.1;dbname=phonesystem;charset=utf8
[ sql ] [ SQL ] SHOW COLUMNS FROM `tp_department` [ RunTime:0.000926s ]
[ sql ] [ SQL ] SELECT COUNT(*) AS tp_count FROM `tp_department` WHERE `tp_department`.`delete_time` IS NULL LIMIT 1 [ RunTime:0.002776s ]
[ sql ] [ SQL ] SELECT * FROM `tp_department` WHERE `tp_department`.`delete_time` IS NULL ORDER BY `id` ASC LIMIT 0,4 [ RunTime:0.001062s ]
---------------------------------------------------------------
[ 2019-03-15T17:36:56+08:00 ] 127.0.0.1 GET /static/bootstrap/popper.min.js.min.js
[ info ] www.phone.com/static/bootstrap/popper.min.js.min.js [运行时间：0.035336s][吞吐率：28.30req/s] [内存消耗：2,499.63kb] [文件加载：35]
[ info ] [ LANG ] C:\wamp64\www\phone\thinkphp\lang\zh-cn.php
[ info ] [ ROUTE ] array (
  'type' => 'module',
  'module' => 
  array (
    0 => 'static',
    1 => 'bootstrap',
    2 => 'popper.min.js.min.js',
  ),
)
[ info ] [ HEADER ] array (
  'host' => 'www.phone.com',
  'connection' => 'keep-alive',
  'user-agent' => 'Mozilla/5.0 (Windows NT 10.0; WOW64) AppleWebKit/537.36 (KHTML, like Gecko) Chrome/70.0.3538.110 Safari/537.36',
  'accept' => '*/*',
  'referer' => 'http://www.phone.com/phone/department.html',
  'accept-encoding' => 'gzip, deflate',
  'accept-language' => 'zh-CN,zh;q=0.9',
  'cookie' => 'PHPSESSID=9sg2ddkua0mrc94bmkf5d6g0o4',
)
[ info ] [ PARAM ] array (
)
[ info ] [ LOG ] INIT File
---------------------------------------------------------------
[ 2019-03-15T17:36:56+08:00 ] 127.0.0.1 GET /static/layer/js/theme/default/layer.css?v=3.1.1
[ info ] www.phone.com/static/layer/js/theme/default/layer.css?v=3.1.1 [运行时间：0.037513s][吞吐率：26.66req/s] [内存消耗：2,500.10kb] [文件加载：35]
[ info ] [ LANG ] C:\wamp64\www\phone\thinkphp\lang\zh-cn.php
[ info ] [ ROUTE ] array (
  'type' => 'module',
  'module' => 
  array (
    0 => 'static',
    1 => 'layer',
    2 => 'js',
  ),
)
[ info ] [ HEADER ] array (
  'host' => 'www.phone.com',
  'connection' => 'keep-alive',
  'user-agent' => 'Mozilla/5.0 (Windows NT 10.0; WOW64) AppleWebKit/537.36 (KHTML, like Gecko) Chrome/70.0.3538.110 Safari/537.36',
  'accept' => 'text/css,*/*;q=0.1',
  'referer' => 'http://www.phone.com/phone/department.html',
  'accept-encoding' => 'gzip, deflate',
  'accept-language' => 'zh-CN,zh;q=0.9',
  'cookie' => 'PHPSESSID=9sg2ddkua0mrc94bmkf5d6g0o4',
)
[ info ] [ PARAM ] array (
  'v' => '3.1.1',
  'theme' => 'default',
)
[ info ] [ LOG ] INIT File
---------------------------------------------------------------
[ 2019-03-15T17:36:59+08:00 ] 127.0.0.1 POST /index/index/getdepinfo.html
[ info ] www.phone.com/index/index/getdepinfo.html [运行时间：0.082932s][吞吐率：12.06req/s] [内存消耗：5,459.20kb] [文件加载：54]
[ info ] [ LANG ] C:\wamp64\www\phone\thinkphp\lang\zh-cn.php
[ info ] [ ROUTE ] array (
  'type' => 'module',
  'module' => 
  array (
    0 => 'index',
    1 => 'index',
    2 => 'getdepinfo',
  ),
)
[ info ] [ HEADER ] array (
  'host' => 'www.phone.com',
  'connection' => 'keep-alive',
  'content-length' => '4',
  'accept' => 'application/json, text/javascript, */*; q=0.01',
  'origin' => 'http://www.phone.com',
  'x-requested-with' => 'XMLHttpRequest',
  'user-agent' => 'Mozilla/5.0 (Windows NT 10.0; WOW64) AppleWebKit/537.36 (KHTML, like Gecko) Chrome/70.0.3538.110 Safari/537.36',
  'content-type' => 'application/x-www-form-urlencoded; charset=UTF-8',
  'referer' => 'http://www.phone.com/phone/department.html',
  'accept-encoding' => 'gzip, deflate',
  'accept-language' => 'zh-CN,zh;q=0.9',
  'cookie' => 'PHPSESSID=9sg2ddkua0mrc94bmkf5d6g0o4',
)
[ info ] [ PARAM ] array (
  'id' => '1',
)
[ info ] [ RUN ] app\index\controller\Index->getDepInfo[ C:\wamp64\www\phone\ems\index\controller\Index.php ]
[ info ] [ DB ] INIT mysql
[ info ] [ LOG ] INIT File
[ sql ] [ DB ] CONNECT:[ UseTime:0.011339s ] mysql:host=127.0.0.1;dbname=phonesystem;charset=utf8
[ sql ] [ SQL ] SHOW COLUMNS FROM `tp_manger` [ RunTime:0.003411s ]
[ sql ] [ SQL ] SELECT * FROM `tp_manger` WHERE (  `department_id` = 1 ) AND `tp_manger`.`delete_time` IS NULL [ RunTime:0.001515s ]
[ sql ] [ SQL ] SHOW COLUMNS FROM `tp_role` [ RunTime:0.000749s ]
[ sql ] [ SQL ] SELECT * FROM `tp_role` WHERE (  `id` IN (1,2) ) AND `tp_role`.`delete_time` IS NULL [ RunTime:0.001403s ]
---------------------------------------------------------------
[ 2019-03-15T17:37:02+08:00 ] 127.0.0.1 POST /index/index/getdepinfo.html
[ info ] www.phone.com/index/index/getdepinfo.html [运行时间：0.086160s][吞吐率：11.61req/s] [内存消耗：5,459.20kb] [文件加载：54]
[ info ] [ LANG ] C:\wamp64\www\phone\thinkphp\lang\zh-cn.php
[ info ] [ ROUTE ] array (
  'type' => 'module',
  'module' => 
  array (
    0 => 'index',
    1 => 'index',
    2 => 'getdepinfo',
  ),
)
[ info ] [ HEADER ] array (
  'host' => 'www.phone.com',
  'connection' => 'keep-alive',
  'content-length' => '4',
  'accept' => 'application/json, text/javascript, */*; q=0.01',
  'origin' => 'http://www.phone.com',
  'x-requested-with' => 'XMLHttpRequest',
  'user-agent' => 'Mozilla/5.0 (Windows NT 10.0; WOW64) AppleWebKit/537.36 (KHTML, like Gecko) Chrome/70.0.3538.110 Safari/537.36',
  'content-type' => 'application/x-www-form-urlencoded; charset=UTF-8',
  'referer' => 'http://www.phone.com/phone/department.html',
  'accept-encoding' => 'gzip, deflate',
  'accept-language' => 'zh-CN,zh;q=0.9',
  'cookie' => 'PHPSESSID=9sg2ddkua0mrc94bmkf5d6g0o4',
)
[ info ] [ PARAM ] array (
  'id' => '1',
)
[ info ] [ RUN ] app\index\controller\Index->getDepInfo[ C:\wamp64\www\phone\ems\index\controller\Index.php ]
[ info ] [ DB ] INIT mysql
[ info ] [ LOG ] INIT File
[ sql ] [ DB ] CONNECT:[ UseTime:0.012345s ] mysql:host=127.0.0.1;dbname=phonesystem;charset=utf8
[ sql ] [ SQL ] SHOW COLUMNS FROM `tp_manger` [ RunTime:0.010525s ]
[ sql ] [ SQL ] SELECT * FROM `tp_manger` WHERE (  `department_id` = 1 ) AND `tp_manger`.`delete_time` IS NULL [ RunTime:0.000878s ]
[ sql ] [ SQL ] SHOW COLUMNS FROM `tp_role` [ RunTime:0.006835s ]
[ sql ] [ SQL ] SELECT * FROM `tp_role` WHERE (  `id` IN (1,2) ) AND `tp_role`.`delete_time` IS NULL [ RunTime:0.000785s ]
---------------------------------------------------------------
[ 2019-03-15T17:37:21+08:00 ] 127.0.0.1 GET /phone/department.html
[ info ] www.phone.com/phone/department.html [运行时间：0.088977s][吞吐率：11.24req/s] [内存消耗：5,850.28kb] [文件加载：58]
[ info ] [ LANG ] C:\wamp64\www\phone\thinkphp\lang\zh-cn.php
[ info ] [ ROUTE ] array (
  'type' => 'module',
  'module' => 
  array (
    0 => 'index',
    1 => 'index',
    2 => 'department',
  ),
  'convert' => false,
)
[ info ] [ HEADER ] array (
  'host' => 'www.phone.com',
  'connection' => 'keep-alive',
  'cache-control' => 'max-age=0',
  'upgrade-insecure-requests' => '1',
  'user-agent' => 'Mozilla/5.0 (Windows NT 10.0; WOW64) AppleWebKit/537.36 (KHTML, like Gecko) Chrome/70.0.3538.110 Safari/537.36',
  'accept' => 'text/html,application/xhtml+xml,application/xml;q=0.9,image/webp,image/apng,*/*;q=0.8',
  'referer' => 'http://www.phone.com/index/index/addmanger.html',
  'accept-encoding' => 'gzip, deflate',
  'accept-language' => 'zh-CN,zh;q=0.9',
  'cookie' => 'PHPSESSID=9sg2ddkua0mrc94bmkf5d6g0o4',
)
[ info ] [ PARAM ] array (
)
[ info ] [ RUN ] app\index\controller\Index->department[ C:\wamp64\www\phone\ems\index\controller\Index.php ]
[ info ] [ DB ] INIT mysql
[ info ] [ VIEW ] C:\wamp64\www\phone\public/../ems/index\view\index\department.html [ array (
  0 => 'data',
  1 => 'page',
  2 => 'pageinit',
) ]
[ info ] [ SESSION ] INIT array (
  'id' => '',
  'var_session_id' => '',
  'prefix' => 'think',
  'type' => '',
  'auto_start' => true,
)
[ info ] [ LOG ] INIT File
[ sql ] [ DB ] CONNECT:[ UseTime:0.011963s ] mysql:host=127.0.0.1;dbname=phonesystem;charset=utf8
[ sql ] [ SQL ] SHOW COLUMNS FROM `tp_department` [ RunTime:0.011651s ]
[ sql ] [ SQL ] SELECT COUNT(*) AS tp_count FROM `tp_department` WHERE `tp_department`.`delete_time` IS NULL LIMIT 1 [ RunTime:0.001641s ]
[ sql ] [ SQL ] SELECT * FROM `tp_department` WHERE `tp_department`.`delete_time` IS NULL ORDER BY `id` ASC LIMIT 0,4 [ RunTime:0.002778s ]
---------------------------------------------------------------
[ 2019-03-15T17:37:21+08:00 ] 127.0.0.1 GET /static/bootstrap/popper.min.js.min.js
[ info ] www.phone.com/static/bootstrap/popper.min.js.min.js [运行时间：0.034277s][吞吐率：29.17req/s] [内存消耗：2,499.63kb] [文件加载：35]
[ info ] [ LANG ] C:\wamp64\www\phone\thinkphp\lang\zh-cn.php
[ info ] [ ROUTE ] array (
  'type' => 'module',
  'module' => 
  array (
    0 => 'static',
    1 => 'bootstrap',
    2 => 'popper.min.js.min.js',
  ),
)
[ info ] [ HEADER ] array (
  'host' => 'www.phone.com',
  'connection' => 'keep-alive',
  'user-agent' => 'Mozilla/5.0 (Windows NT 10.0; WOW64) AppleWebKit/537.36 (KHTML, like Gecko) Chrome/70.0.3538.110 Safari/537.36',
  'accept' => '*/*',
  'referer' => 'http://www.phone.com/phone/department.html',
  'accept-encoding' => 'gzip, deflate',
  'accept-language' => 'zh-CN,zh;q=0.9',
  'cookie' => 'PHPSESSID=9sg2ddkua0mrc94bmkf5d6g0o4',
)
[ info ] [ PARAM ] array (
)
[ info ] [ LOG ] INIT File
---------------------------------------------------------------
[ 2019-03-15T17:37:21+08:00 ] 127.0.0.1 GET /static/layer/js/theme/default/layer.css?v=3.1.1
[ info ] www.phone.com/static/layer/js/theme/default/layer.css?v=3.1.1 [运行时间：0.033995s][吞吐率：29.42req/s] [内存消耗：2,500.10kb] [文件加载：35]
[ info ] [ LANG ] C:\wamp64\www\phone\thinkphp\lang\zh-cn.php
[ info ] [ ROUTE ] array (
  'type' => 'module',
  'module' => 
  array (
    0 => 'static',
    1 => 'layer',
    2 => 'js',
  ),
)
[ info ] [ HEADER ] array (
  'host' => 'www.phone.com',
  'connection' => 'keep-alive',
  'user-agent' => 'Mozilla/5.0 (Windows NT 10.0; WOW64) AppleWebKit/537.36 (KHTML, like Gecko) Chrome/70.0.3538.110 Safari/537.36',
  'accept' => 'text/css,*/*;q=0.1',
  'referer' => 'http://www.phone.com/phone/department.html',
  'accept-encoding' => 'gzip, deflate',
  'accept-language' => 'zh-CN,zh;q=0.9',
  'cookie' => 'PHPSESSID=9sg2ddkua0mrc94bmkf5d6g0o4',
)
[ info ] [ PARAM ] array (
  'v' => '3.1.1',
  'theme' => 'default',
)
[ info ] [ LOG ] INIT File
---------------------------------------------------------------
[ 2019-03-15T17:37:23+08:00 ] 127.0.0.1 POST /index/index/getdepinfo.html
[ info ] www.phone.com/index/index/getdepinfo.html [运行时间：0.070168s][吞吐率：14.25req/s] [内存消耗：5,459.20kb] [文件加载：54]
[ info ] [ LANG ] C:\wamp64\www\phone\thinkphp\lang\zh-cn.php
[ info ] [ ROUTE ] array (
  'type' => 'module',
  'module' => 
  array (
    0 => 'index',
    1 => 'index',
    2 => 'getdepinfo',
  ),
)
[ info ] [ HEADER ] array (
  'host' => 'www.phone.com',
  'connection' => 'keep-alive',
  'content-length' => '4',
  'accept' => 'application/json, text/javascript, */*; q=0.01',
  'origin' => 'http://www.phone.com',
  'x-requested-with' => 'XMLHttpRequest',
  'user-agent' => 'Mozilla/5.0 (Windows NT 10.0; WOW64) AppleWebKit/537.36 (KHTML, like Gecko) Chrome/70.0.3538.110 Safari/537.36',
  'content-type' => 'application/x-www-form-urlencoded; charset=UTF-8',
  'referer' => 'http://www.phone.com/phone/department.html',
  'accept-encoding' => 'gzip, deflate',
  'accept-language' => 'zh-CN,zh;q=0.9',
  'cookie' => 'PHPSESSID=9sg2ddkua0mrc94bmkf5d6g0o4',
)
[ info ] [ PARAM ] array (
  'id' => '1',
)
[ info ] [ RUN ] app\index\controller\Index->getDepInfo[ C:\wamp64\www\phone\ems\index\controller\Index.php ]
[ info ] [ DB ] INIT mysql
[ info ] [ LOG ] INIT File
[ sql ] [ DB ] CONNECT:[ UseTime:0.001433s ] mysql:host=127.0.0.1;dbname=phonesystem;charset=utf8
[ sql ] [ SQL ] SHOW COLUMNS FROM `tp_manger` [ RunTime:0.011237s ]
[ sql ] [ SQL ] SELECT * FROM `tp_manger` WHERE (  `department_id` = 1 ) AND `tp_manger`.`delete_time` IS NULL [ RunTime:0.000874s ]
[ sql ] [ SQL ] SHOW COLUMNS FROM `tp_role` [ RunTime:0.000765s ]
[ sql ] [ SQL ] SELECT * FROM `tp_role` WHERE (  `id` IN (1,2) ) AND `tp_role`.`delete_time` IS NULL [ RunTime:0.000614s ]
---------------------------------------------------------------
[ 2019-03-15T17:37:25+08:00 ] 127.0.0.1 POST /phone/department.html
[ info ] www.phone.com/phone/department.html [运行时间：0.067155s][吞吐率：14.89req/s] [内存消耗：5,194.16kb] [文件加载：50]
[ info ] [ LANG ] C:\wamp64\www\phone\thinkphp\lang\zh-cn.php
[ info ] [ ROUTE ] array (
  'type' => 'module',
  'module' => 
  array (
    0 => 'index',
    1 => 'index',
    2 => 'department',
  ),
  'convert' => false,
)
[ info ] [ HEADER ] array (
  'host' => 'www.phone.com',
  'connection' => 'keep-alive',
  'content-length' => '4',
  'accept' => 'application/json, text/javascript, */*; q=0.01',
  'origin' => 'http://www.phone.com',
  'x-requested-with' => 'XMLHttpRequest',
  'user-agent' => 'Mozilla/5.0 (Windows NT 10.0; WOW64) AppleWebKit/537.36 (KHTML, like Gecko) Chrome/70.0.3538.110 Safari/537.36',
  'content-type' => 'application/x-www-form-urlencoded; charset=UTF-8',
  'referer' => 'http://www.phone.com/phone/department.html',
  'accept-encoding' => 'gzip, deflate',
  'accept-language' => 'zh-CN,zh;q=0.9',
  'cookie' => 'PHPSESSID=9sg2ddkua0mrc94bmkf5d6g0o4',
)
[ info ] [ PARAM ] array (
  'id' => '1',
)
[ info ] [ RUN ] app\index\controller\Index->department[ C:\wamp64\www\phone\ems\index\controller\Index.php ]
[ info ] [ DB ] INIT mysql
[ info ] [ LOG ] INIT File
[ sql ] [ DB ] CONNECT:[ UseTime:0.012291s ] mysql:host=127.0.0.1;dbname=phonesystem;charset=utf8
[ sql ] [ SQL ] SHOW COLUMNS FROM `tp_department` [ RunTime:0.002216s ]
[ sql ] [ SQL ] SELECT * FROM `tp_department` WHERE (  `id` = 1 ) AND `tp_department`.`delete_time` IS NULL LIMIT 1 [ RunTime:0.000621s ]
---------------------------------------------------------------
[ 2019-03-15T17:37:33+08:00 ] 127.0.0.1 POST /index/index/getdepinfo.html
[ info ] www.phone.com/index/index/getdepinfo.html [运行时间：0.066732s][吞吐率：14.99req/s] [内存消耗：5,459.20kb] [文件加载：54]
[ info ] [ LANG ] C:\wamp64\www\phone\thinkphp\lang\zh-cn.php
[ info ] [ ROUTE ] array (
  'type' => 'module',
  'module' => 
  array (
    0 => 'index',
    1 => 'index',
    2 => 'getdepinfo',
  ),
)
[ info ] [ HEADER ] array (
  'host' => 'www.phone.com',
  'connection' => 'keep-alive',
  'content-length' => '4',
  'accept' => 'application/json, text/javascript, */*; q=0.01',
  'origin' => 'http://www.phone.com',
  'x-requested-with' => 'XMLHttpRequest',
  'user-agent' => 'Mozilla/5.0 (Windows NT 10.0; WOW64) AppleWebKit/537.36 (KHTML, like Gecko) Chrome/70.0.3538.110 Safari/537.36',
  'content-type' => 'application/x-www-form-urlencoded; charset=UTF-8',
  'referer' => 'http://www.phone.com/phone/department.html',
  'accept-encoding' => 'gzip, deflate',
  'accept-language' => 'zh-CN,zh;q=0.9',
  'cookie' => 'PHPSESSID=9sg2ddkua0mrc94bmkf5d6g0o4',
)
[ info ] [ PARAM ] array (
  'id' => '1',
)
[ info ] [ RUN ] app\index\controller\Index->getDepInfo[ C:\wamp64\www\phone\ems\index\controller\Index.php ]
[ info ] [ DB ] INIT mysql
[ info ] [ LOG ] INIT File
[ sql ] [ DB ] CONNECT:[ UseTime:0.012668s ] mysql:host=127.0.0.1;dbname=phonesystem;charset=utf8
[ sql ] [ SQL ] SHOW COLUMNS FROM `tp_manger` [ RunTime:0.001764s ]
[ sql ] [ SQL ] SELECT * FROM `tp_manger` WHERE (  `department_id` = 1 ) AND `tp_manger`.`delete_time` IS NULL [ RunTime:0.000904s ]
[ sql ] [ SQL ] SHOW COLUMNS FROM `tp_role` [ RunTime:0.000793s ]
[ sql ] [ SQL ] SELECT * FROM `tp_role` WHERE (  `id` IN (1,2) ) AND `tp_role`.`delete_time` IS NULL [ RunTime:0.000605s ]
---------------------------------------------------------------
[ 2019-03-15T17:37:34+08:00 ] 127.0.0.1 POST /phone/department.html
[ info ] www.phone.com/phone/department.html [运行时间：0.071084s][吞吐率：14.07req/s] [内存消耗：5,194.16kb] [文件加载：50]
[ info ] [ LANG ] C:\wamp64\www\phone\thinkphp\lang\zh-cn.php
[ info ] [ ROUTE ] array (
  'type' => 'module',
  'module' => 
  array (
    0 => 'index',
    1 => 'index',
    2 => 'department',
  ),
  'convert' => false,
)
[ info ] [ HEADER ] array (
  'host' => 'www.phone.com',
  'connection' => 'keep-alive',
  'content-length' => '4',
  'accept' => 'application/json, text/javascript, */*; q=0.01',
  'origin' => 'http://www.phone.com',
  'x-requested-with' => 'XMLHttpRequest',
  'user-agent' => 'Mozilla/5.0 (Windows NT 10.0; WOW64) AppleWebKit/537.36 (KHTML, like Gecko) Chrome/70.0.3538.110 Safari/537.36',
  'content-type' => 'application/x-www-form-urlencoded; charset=UTF-8',
  'referer' => 'http://www.phone.com/phone/department.html',
  'accept-encoding' => 'gzip, deflate',
  'accept-language' => 'zh-CN,zh;q=0.9',
  'cookie' => 'PHPSESSID=9sg2ddkua0mrc94bmkf5d6g0o4',
)
[ info ] [ PARAM ] array (
  'id' => '1',
)
[ info ] [ RUN ] app\index\controller\Index->department[ C:\wamp64\www\phone\ems\index\controller\Index.php ]
[ info ] [ DB ] INIT mysql
[ info ] [ LOG ] INIT File
[ sql ] [ DB ] CONNECT:[ UseTime:0.001850s ] mysql:host=127.0.0.1;dbname=phonesystem;charset=utf8
[ sql ] [ SQL ] SHOW COLUMNS FROM `tp_department` [ RunTime:0.004236s ]
[ sql ] [ SQL ] SELECT * FROM `tp_department` WHERE (  `id` = 1 ) AND `tp_department`.`delete_time` IS NULL LIMIT 1 [ RunTime:0.001495s ]
---------------------------------------------------------------
[ 2019-03-15T17:53:06+08:00 ] 127.0.0.1 GET /phone/index.html
[ info ] www.phone.com/phone/index.html [运行时间：0.097915s][吞吐率：10.21req/s] [内存消耗：5,619.81kb] [文件加载：56]
[ info ] [ LANG ] C:\wamp64\www\phone\thinkphp\lang\zh-cn.php
[ info ] [ ROUTE ] array (
  'type' => 'module',
  'module' => 
  array (
    0 => 'index',
    1 => 'index',
    2 => 'index',
  ),
  'convert' => false,
)
[ info ] [ HEADER ] array (
  'host' => 'www.phone.com',
  'connection' => 'keep-alive',
  'upgrade-insecure-requests' => '1',
  'user-agent' => 'Mozilla/5.0 (Windows NT 10.0; WOW64) AppleWebKit/537.36 (KHTML, like Gecko) Chrome/70.0.3538.110 Safari/537.36',
  'accept' => 'text/html,application/xhtml+xml,application/xml;q=0.9,image/webp,image/apng,*/*;q=0.8',
  'referer' => 'http://www.phone.com/phone/department.html',
  'accept-encoding' => 'gzip, deflate',
  'accept-language' => 'zh-CN,zh;q=0.9',
  'cookie' => 'PHPSESSID=9sg2ddkua0mrc94bmkf5d6g0o4',
)
[ info ] [ PARAM ] array (
)
[ info ] [ RUN ] app\index\controller\Index->index[ C:\wamp64\www\phone\ems\index\controller\Index.php ]
[ info ] [ SESSION ] INIT array (
  'id' => '',
  'var_session_id' => '',
  'prefix' => 'think',
  'type' => '',
  'auto_start' => true,
)
[ info ] [ DB ] INIT mysql
[ info ] [ VIEW ] C:\wamp64\www\phone\public/../ems/index\view\index\index.html [ array (
  0 => 'loginTime',
  1 => 'result',
) ]
[ info ] [ LOG ] INIT File
[ sql ] [ DB ] CONNECT:[ UseTime:0.012511s ] mysql:host=127.0.0.1;dbname=phonesystem;charset=utf8
[ sql ] [ SQL ] SHOW COLUMNS FROM `tp_manger` [ RunTime:0.004433s ]
[ sql ] [ SQL ] SELECT * FROM `tp_manger` WHERE (  `id` = 2 ) AND `tp_manger`.`delete_time` IS NULL LIMIT 1 [ RunTime:0.000794s ]
[ sql ] [ SQL ] SHOW COLUMNS FROM `tp_department` [ RunTime:0.000820s ]
[ sql ] [ SQL ] SELECT * FROM `tp_department` WHERE (  `id` = 1 ) AND `tp_department`.`delete_time` IS NULL [ RunTime:0.000830s ]
---------------------------------------------------------------
[ 2019-03-15T17:53:06+08:00 ] 127.0.0.1 GET /static/bootstrap/popper.min.js.min.js
[ info ] www.phone.com/static/bootstrap/popper.min.js.min.js [运行时间：0.034811s][吞吐率：28.73req/s] [内存消耗：2,499.51kb] [文件加载：35]
[ info ] [ LANG ] C:\wamp64\www\phone\thinkphp\lang\zh-cn.php
[ info ] [ ROUTE ] array (
  'type' => 'module',
  'module' => 
  array (
    0 => 'static',
    1 => 'bootstrap',
    2 => 'popper.min.js.min.js',
  ),
)
[ info ] [ HEADER ] array (
  'host' => 'www.phone.com',
  'connection' => 'keep-alive',
  'user-agent' => 'Mozilla/5.0 (Windows NT 10.0; WOW64) AppleWebKit/537.36 (KHTML, like Gecko) Chrome/70.0.3538.110 Safari/537.36',
  'accept' => '*/*',
  'referer' => 'http://www.phone.com/phone/index.html',
  'accept-encoding' => 'gzip, deflate',
  'accept-language' => 'zh-CN,zh;q=0.9',
  'cookie' => 'PHPSESSID=9sg2ddkua0mrc94bmkf5d6g0o4',
)
[ info ] [ PARAM ] array (
)
[ info ] [ LOG ] INIT File
---------------------------------------------------------------
[ 2019-03-15T17:53:06+08:00 ] 127.0.0.1 GET /static/layer/js/theme/default/layer.css?v=3.1.1
[ info ] www.phone.com/static/layer/js/theme/default/layer.css?v=3.1.1 [运行时间：0.035658s][吞吐率：28.04req/s] [内存消耗：2,500.01kb] [文件加载：35]
[ info ] [ LANG ] C:\wamp64\www\phone\thinkphp\lang\zh-cn.php
[ info ] [ ROUTE ] array (
  'type' => 'module',
  'module' => 
  array (
    0 => 'static',
    1 => 'layer',
    2 => 'js',
  ),
)
[ info ] [ HEADER ] array (
  'host' => 'www.phone.com',
  'connection' => 'keep-alive',
  'user-agent' => 'Mozilla/5.0 (Windows NT 10.0; WOW64) AppleWebKit/537.36 (KHTML, like Gecko) Chrome/70.0.3538.110 Safari/537.36',
  'accept' => 'text/css,*/*;q=0.1',
  'referer' => 'http://www.phone.com/phone/index.html',
  'accept-encoding' => 'gzip, deflate',
  'accept-language' => 'zh-CN,zh;q=0.9',
  'cookie' => 'PHPSESSID=9sg2ddkua0mrc94bmkf5d6g0o4',
)
[ info ] [ PARAM ] array (
  'v' => '3.1.1',
  'theme' => 'default',
)
[ info ] [ LOG ] INIT File
