---------------------------------------------------------------
[ 2019-01-11T21:30:12+08:00 ] 0.0.0.0 GET /tp1/public/index/login/login
[ info ] localhost/tp1/public/index/login/login [运行时间：0.106206s][吞吐率：9.42req/s] [内存消耗：3,052.93kb] [文件加载：42]
[ info ] [ LANG ] C:\wamp64\www\tp1\thinkphp\lang\zh-cn.php
[ info ] [ ROUTE ] array (
  'type' => 'module',
  'module' => 
  array (
    0 => 'index',
    1 => 'index',
    2 => 'login',
  ),
  'convert' => false,
)
[ info ] [ HEADER ] array (
  'host' => 'localhost',
  'connection' => 'keep-alive',
  'upgrade-insecure-requests' => '1',
  'user-agent' => 'Mozilla/5.0 (Windows NT 10.0; WOW64) AppleWebKit/537.36 (KHTML, like Gecko) Chrome/70.0.3538.110 Safari/537.36',
  'accept' => 'text/html,application/xhtml+xml,application/xml;q=0.9,image/webp,image/apng,*/*;q=0.8',
  'accept-encoding' => 'gzip, deflate, br',
  'accept-language' => 'zh-CN,zh;q=0.9',
  'cookie' => 'Webstorm-105cc875=3e466077-539a-4e1c-b87c-b05cc3d37ef4; UM_distinctid=16762f02a17540-08f683c0652b48-594d2a16-e1000-16762f02a18bbc; CNZZDATA1261572618=349544385-1543548616-%7C1543548616; pgv_pvi=8333974528; rememberMe=true; Phpstorm-ae64ed99=2bb7629e-15fb-4a9b-9e55-9af7b847499f',
)
[ info ] [ PARAM ] array (
)
[ info ] [ RUN ] app\index\controller\Index->login[ C:\wamp64\www\tp1\ems\index\controller\Index.php ]
[ info ] [ VIEW ] C:\wamp64\www\tp1\public/../ems/index\view\index\login.html [ array (
) ]
[ info ] [ LOG ] INIT File
---------------------------------------------------------------
[ 2019-01-11T21:30:12+08:00 ] 0.0.0.0 GET /tp1/public/captcha.html
[ info ] localhost/tp1/public/captcha.html [运行时间：0.094751s][吞吐率：10.55req/s] [内存消耗：2,503.34kb] [文件加载：34]
[ info ] [ LANG ] C:\wamp64\www\tp1\thinkphp\lang\zh-cn.php
[ info ] [ ROUTE ] array (
  'type' => 'method',
  'method' => 
  array (
    0 => '\\think\\captcha\\CaptchaController',
    1 => 'index',
  ),
  'var' => 
  array (
  ),
)
[ info ] [ HEADER ] array (
  'host' => 'localhost',
  'connection' => 'keep-alive',
  'user-agent' => 'Mozilla/5.0 (Windows NT 10.0; WOW64) AppleWebKit/537.36 (KHTML, like Gecko) Chrome/70.0.3538.110 Safari/537.36',
  'accept' => 'image/webp,image/apng,image/*,*/*;q=0.8',
  'referer' => 'http://localhost/tp1/public/index/login/login',
  'accept-encoding' => 'gzip, deflate, br',
  'accept-language' => 'zh-CN,zh;q=0.9',
  'cookie' => 'Webstorm-105cc875=3e466077-539a-4e1c-b87c-b05cc3d37ef4; UM_distinctid=16762f02a17540-08f683c0652b48-594d2a16-e1000-16762f02a18bbc; CNZZDATA1261572618=349544385-1543548616-%7C1543548616; pgv_pvi=8333974528; rememberMe=true; Phpstorm-ae64ed99=2bb7629e-15fb-4a9b-9e55-9af7b847499f',
)
[ info ] [ PARAM ] array (
  'id' => NULL,
)
[ info ] [ RUN ] think\captcha\CaptchaController->index[ C:\wamp64\www\tp1\vendor\topthink\think-captcha\src\CaptchaController.php ]
[ info ] [ SESSION ] INIT array (
  'id' => '',
  'var_session_id' => '',
  'prefix' => 'think',
  'type' => '',
  'auto_start' => true,
)
[ info ] [ LOG ] INIT File
