---------------------------------------------------------------
[ 2018-10-10T19:53:54+08:00 ] 127.0.0.1 GET /addUser/user/login
[ info ] www.tp1.com/addUser/user/login [运行时间：0.381448s][吞吐率：2.62req/s] [内存消耗：2,490.85kb] [文件加载：37]
[ info ] [ LANG ] C:\wamp64\www\tp1\thinkphp\lang\zh-cn.php
[ info ] [ ROUTE ] array (
  'type' => 'module',
  'module' => 
  array (
    0 => 'addUser',
    1 => 'user',
    2 => 'login',
  ),
)
[ info ] [ HEADER ] array (
  'host' => 'www.tp1.com',
  'connection' => 'keep-alive',
  'user-agent' => 'Mozilla/5.0 (Windows NT 10.0; WOW64) AppleWebKit/537.36 (KHTML, like Gecko) Chrome/63.0.3239.132 Safari/537.36',
  'upgrade-insecure-requests' => '1',
  'accept' => 'text/html,application/xhtml+xml,application/xml;q=0.9,image/webp,image/apng,*/*;q=0.8',
  'accept-encoding' => 'gzip, deflate',
  'accept-language' => 'zh-CN,zh;q=0.9',
  'cookie' => 'pgv_pvi=8763799552; pgv_si=s8449638400',
)
[ info ] [ PARAM ] array (
)
[ info ] [ LOG ] INIT File
[ error ] [1]Class 'thnik\Controller' not found[C:\wamp64\www\tp1\ems\addUser\controller\User.php:7]
---------------------------------------------------------------
[ 2018-10-10T19:54:07+08:00 ] 127.0.0.1 GET /addUser/user/login
[ info ] www.tp1.com/addUser/user/login [运行时间：0.171515s][吞吐率：5.83req/s] [内存消耗：2,575.77kb] [文件加载：39]
[ info ] [ LANG ] C:\wamp64\www\tp1\thinkphp\lang\zh-cn.php
[ info ] [ ROUTE ] array (
  'type' => 'module',
  'module' => 
  array (
    0 => 'addUser',
    1 => 'user',
    2 => 'login',
  ),
)
[ info ] [ HEADER ] array (
  'host' => 'www.tp1.com',
  'connection' => 'keep-alive',
  'cache-control' => 'max-age=0',
  'user-agent' => 'Mozilla/5.0 (Windows NT 10.0; WOW64) AppleWebKit/537.36 (KHTML, like Gecko) Chrome/63.0.3239.132 Safari/537.36',
  'upgrade-insecure-requests' => '1',
  'accept' => 'text/html,application/xhtml+xml,application/xml;q=0.9,image/webp,image/apng,*/*;q=0.8',
  'accept-encoding' => 'gzip, deflate',
  'accept-language' => 'zh-CN,zh;q=0.9',
  'cookie' => 'pgv_pvi=8763799552; pgv_si=s8449638400',
)
[ info ] [ PARAM ] array (
)
[ info ] [ LOG ] INIT File
---------------------------------------------------------------
[ 2018-10-10T19:54:48+08:00 ] 127.0.0.1 GET /addUser/user/login
[ info ] www.tp1.com/addUser/user/login [运行时间：0.227202s][吞吐率：4.40req/s] [内存消耗：3,000.71kb] [文件加载：43]
[ info ] [ LANG ] C:\wamp64\www\tp1\thinkphp\lang\zh-cn.php
[ info ] [ ROUTE ] array (
  'type' => 'module',
  'module' => 
  array (
    0 => 'addUser',
    1 => 'user',
    2 => 'login',
  ),
)
[ info ] [ HEADER ] array (
  'host' => 'www.tp1.com',
  'connection' => 'keep-alive',
  'cache-control' => 'max-age=0',
  'user-agent' => 'Mozilla/5.0 (Windows NT 10.0; WOW64) AppleWebKit/537.36 (KHTML, like Gecko) Chrome/63.0.3239.132 Safari/537.36',
  'upgrade-insecure-requests' => '1',
  'accept' => 'text/html,application/xhtml+xml,application/xml;q=0.9,image/webp,image/apng,*/*;q=0.8',
  'accept-encoding' => 'gzip, deflate',
  'accept-language' => 'zh-CN,zh;q=0.9',
  'cookie' => 'pgv_pvi=8763799552; pgv_si=s8449638400',
)
[ info ] [ PARAM ] array (
)
[ info ] [ RUN ] app\adduser\controller\User->login[ C:\wamp64\www\tp1\ems\addUser\controller\User.php ]
[ info ] [ LOG ] INIT File
[ error ] [1]Call to undefined method app\adduser\controller\User::view()[C:\wamp64\www\tp1\ems\addUser\controller\User.php:14]
---------------------------------------------------------------
[ 2018-10-10T19:55:42+08:00 ] 127.0.0.1 GET /addUser/user/login
[ info ] www.tp1.com/addUser/user/login [运行时间：0.165771s][吞吐率：6.03req/s] [内存消耗：3,171.27kb] [文件加载：43]
[ info ] [ LANG ] C:\wamp64\www\tp1\thinkphp\lang\zh-cn.php
[ info ] [ ROUTE ] array (
  'type' => 'module',
  'module' => 
  array (
    0 => 'addUser',
    1 => 'user',
    2 => 'login',
  ),
)
[ info ] [ HEADER ] array (
  'host' => 'www.tp1.com',
  'connection' => 'keep-alive',
  'cache-control' => 'max-age=0',
  'user-agent' => 'Mozilla/5.0 (Windows NT 10.0; WOW64) AppleWebKit/537.36 (KHTML, like Gecko) Chrome/63.0.3239.132 Safari/537.36',
  'upgrade-insecure-requests' => '1',
  'accept' => 'text/html,application/xhtml+xml,application/xml;q=0.9,image/webp,image/apng,*/*;q=0.8',
  'accept-encoding' => 'gzip, deflate',
  'accept-language' => 'zh-CN,zh;q=0.9',
  'cookie' => 'pgv_pvi=8763799552; pgv_si=s8449638400',
)
[ info ] [ PARAM ] array (
)
[ info ] [ RUN ] app\adduser\controller\User->login[ C:\wamp64\www\tp1\ems\addUser\controller\User.php ]
[ info ] [ VIEW ] C:\wamp64\www\tp1\public/../ems/adduser\view\user\login.html [ array (
) ]
[ info ] [ LOG ] INIT File
---------------------------------------------------------------
[ 2018-10-10T19:55:56+08:00 ] 127.0.0.1 GET /addUser/user/login
[ info ] www.tp1.com/addUser/user/login [运行时间：0.180891s][吞吐率：5.53req/s] [内存消耗：3,171.13kb] [文件加载：43]
[ info ] [ LANG ] C:\wamp64\www\tp1\thinkphp\lang\zh-cn.php
[ info ] [ ROUTE ] array (
  'type' => 'module',
  'module' => 
  array (
    0 => 'addUser',
    1 => 'user',
    2 => 'login',
  ),
)
[ info ] [ HEADER ] array (
  'host' => 'www.tp1.com',
  'connection' => 'keep-alive',
  'cache-control' => 'max-age=0',
  'user-agent' => 'Mozilla/5.0 (Windows NT 10.0; WOW64) AppleWebKit/537.36 (KHTML, like Gecko) Chrome/63.0.3239.132 Safari/537.36',
  'upgrade-insecure-requests' => '1',
  'accept' => 'text/html,application/xhtml+xml,application/xml;q=0.9,image/webp,image/apng,*/*;q=0.8',
  'accept-encoding' => 'gzip, deflate',
  'accept-language' => 'zh-CN,zh;q=0.9',
  'cookie' => 'pgv_pvi=8763799552; pgv_si=s8449638400',
)
[ info ] [ PARAM ] array (
)
[ info ] [ RUN ] app\adduser\controller\User->login[ C:\wamp64\www\tp1\ems\addUser\controller\User.php ]
[ info ] [ VIEW ] C:\wamp64\www\tp1\public/../ems/adduser\view\user\login.html [ array (
) ]
[ info ] [ LOG ] INIT File
---------------------------------------------------------------
[ 2018-10-10T19:56:51+08:00 ] 127.0.0.1 GET /addUser/user/login
[ info ] www.tp1.com/addUser/user/login [运行时间：0.176128s][吞吐率：5.68req/s] [内存消耗：3,171.67kb] [文件加载：43]
[ info ] [ LANG ] C:\wamp64\www\tp1\thinkphp\lang\zh-cn.php
[ info ] [ ROUTE ] array (
  'type' => 'module',
  'module' => 
  array (
    0 => 'addUser',
    1 => 'user',
    2 => 'login',
  ),
)
[ info ] [ HEADER ] array (
  'host' => 'www.tp1.com',
  'connection' => 'keep-alive',
  'cache-control' => 'max-age=0',
  'user-agent' => 'Mozilla/5.0 (Windows NT 10.0; WOW64) AppleWebKit/537.36 (KHTML, like Gecko) Chrome/63.0.3239.132 Safari/537.36',
  'upgrade-insecure-requests' => '1',
  'accept' => 'text/html,application/xhtml+xml,application/xml;q=0.9,image/webp,image/apng,*/*;q=0.8',
  'accept-encoding' => 'gzip, deflate',
  'accept-language' => 'zh-CN,zh;q=0.9',
  'cookie' => 'pgv_pvi=8763799552; pgv_si=s8449638400',
)
[ info ] [ PARAM ] array (
)
[ info ] [ RUN ] app\adduser\controller\User->login[ C:\wamp64\www\tp1\ems\addUser\controller\User.php ]
[ info ] [ VIEW ] C:\wamp64\www\tp1\public/../ems/adduser\view\user\login.html [ array (
) ]
[ info ] [ LOG ] INIT File
---------------------------------------------------------------
[ 2018-10-10T19:56:52+08:00 ] 127.0.0.1 GET /addUser/user/login
[ info ] www.tp1.com/addUser/user/login [运行时间：0.153381s][吞吐率：6.52req/s] [内存消耗：2,923.23kb] [文件加载：41]
[ info ] [ LANG ] C:\wamp64\www\tp1\thinkphp\lang\zh-cn.php
[ info ] [ ROUTE ] array (
  'type' => 'module',
  'module' => 
  array (
    0 => 'addUser',
    1 => 'user',
    2 => 'login',
  ),
)
[ info ] [ HEADER ] array (
  'host' => 'www.tp1.com',
  'connection' => 'keep-alive',
  'cache-control' => 'max-age=0',
  'user-agent' => 'Mozilla/5.0 (Windows NT 10.0; WOW64) AppleWebKit/537.36 (KHTML, like Gecko) Chrome/63.0.3239.132 Safari/537.36',
  'upgrade-insecure-requests' => '1',
  'accept' => 'text/html,application/xhtml+xml,application/xml;q=0.9,image/webp,image/apng,*/*;q=0.8',
  'accept-encoding' => 'gzip, deflate',
  'accept-language' => 'zh-CN,zh;q=0.9',
  'cookie' => 'pgv_pvi=8763799552; pgv_si=s8449638400',
)
[ info ] [ PARAM ] array (
)
[ info ] [ RUN ] app\adduser\controller\User->login[ C:\wamp64\www\tp1\ems\addUser\controller\User.php ]
[ info ] [ VIEW ] C:\wamp64\www\tp1\public/../ems/adduser\view\user\login.html [ array (
) ]
[ info ] [ LOG ] INIT File
---------------------------------------------------------------
[ 2018-10-10T19:57:05+08:00 ] 127.0.0.1 GET /addUser/user/login
[ info ] www.tp1.com/addUser/user/login [运行时间：0.162680s][吞吐率：6.15req/s] [内存消耗：3,171.70kb] [文件加载：43]
[ info ] [ LANG ] C:\wamp64\www\tp1\thinkphp\lang\zh-cn.php
[ info ] [ ROUTE ] array (
  'type' => 'module',
  'module' => 
  array (
    0 => 'addUser',
    1 => 'user',
    2 => 'login',
  ),
)
[ info ] [ HEADER ] array (
  'host' => 'www.tp1.com',
  'connection' => 'keep-alive',
  'cache-control' => 'max-age=0',
  'user-agent' => 'Mozilla/5.0 (Windows NT 10.0; WOW64) AppleWebKit/537.36 (KHTML, like Gecko) Chrome/63.0.3239.132 Safari/537.36',
  'upgrade-insecure-requests' => '1',
  'accept' => 'text/html,application/xhtml+xml,application/xml;q=0.9,image/webp,image/apng,*/*;q=0.8',
  'accept-encoding' => 'gzip, deflate',
  'accept-language' => 'zh-CN,zh;q=0.9',
  'cookie' => 'pgv_pvi=8763799552; pgv_si=s8449638400',
)
[ info ] [ PARAM ] array (
)
[ info ] [ RUN ] app\adduser\controller\User->login[ C:\wamp64\www\tp1\ems\addUser\controller\User.php ]
[ info ] [ VIEW ] C:\wamp64\www\tp1\public/../ems/adduser\view\user\login.html [ array (
) ]
[ info ] [ LOG ] INIT File
---------------------------------------------------------------
[ 2018-10-10T19:57:06+08:00 ] 127.0.0.1 GET /addUser/user/login
[ info ] www.tp1.com/addUser/user/login [运行时间：0.141912s][吞吐率：7.05req/s] [内存消耗：2,923.23kb] [文件加载：41]
[ info ] [ LANG ] C:\wamp64\www\tp1\thinkphp\lang\zh-cn.php
[ info ] [ ROUTE ] array (
  'type' => 'module',
  'module' => 
  array (
    0 => 'addUser',
    1 => 'user',
    2 => 'login',
  ),
)
[ info ] [ HEADER ] array (
  'host' => 'www.tp1.com',
  'connection' => 'keep-alive',
  'cache-control' => 'max-age=0',
  'user-agent' => 'Mozilla/5.0 (Windows NT 10.0; WOW64) AppleWebKit/537.36 (KHTML, like Gecko) Chrome/63.0.3239.132 Safari/537.36',
  'upgrade-insecure-requests' => '1',
  'accept' => 'text/html,application/xhtml+xml,application/xml;q=0.9,image/webp,image/apng,*/*;q=0.8',
  'accept-encoding' => 'gzip, deflate',
  'accept-language' => 'zh-CN,zh;q=0.9',
  'cookie' => 'pgv_pvi=8763799552; pgv_si=s8449638400',
)
[ info ] [ PARAM ] array (
)
[ info ] [ RUN ] app\adduser\controller\User->login[ C:\wamp64\www\tp1\ems\addUser\controller\User.php ]
[ info ] [ VIEW ] C:\wamp64\www\tp1\public/../ems/adduser\view\user\login.html [ array (
) ]
[ info ] [ LOG ] INIT File
---------------------------------------------------------------
[ 2018-10-10T19:57:27+08:00 ] 127.0.0.1 GET /addUser/user/login
[ info ] www.tp1.com/addUser/user/login [运行时间：0.157215s][吞吐率：6.36req/s] [内存消耗：3,171.34kb] [文件加载：43]
[ info ] [ LANG ] C:\wamp64\www\tp1\thinkphp\lang\zh-cn.php
[ info ] [ ROUTE ] array (
  'type' => 'module',
  'module' => 
  array (
    0 => 'addUser',
    1 => 'user',
    2 => 'login',
  ),
)
[ info ] [ HEADER ] array (
  'host' => 'www.tp1.com',
  'connection' => 'keep-alive',
  'cache-control' => 'max-age=0',
  'user-agent' => 'Mozilla/5.0 (Windows NT 10.0; WOW64) AppleWebKit/537.36 (KHTML, like Gecko) Chrome/63.0.3239.132 Safari/537.36',
  'upgrade-insecure-requests' => '1',
  'accept' => 'text/html,application/xhtml+xml,application/xml;q=0.9,image/webp,image/apng,*/*;q=0.8',
  'accept-encoding' => 'gzip, deflate',
  'accept-language' => 'zh-CN,zh;q=0.9',
  'cookie' => 'pgv_pvi=8763799552; pgv_si=s8449638400',
)
[ info ] [ PARAM ] array (
)
[ info ] [ RUN ] app\adduser\controller\User->login[ C:\wamp64\www\tp1\ems\addUser\controller\User.php ]
[ info ] [ VIEW ] C:\wamp64\www\tp1\public/../ems/adduser\view\user\login.html [ array (
) ]
[ info ] [ LOG ] INIT File
---------------------------------------------------------------
[ 2018-10-10T19:59:20+08:00 ] 127.0.0.1 GET /addUser/user/login
[ info ] www.tp1.com/addUser/user/login [运行时间：0.182615s][吞吐率：5.48req/s] [内存消耗：3,170.93kb] [文件加载：43]
[ info ] [ LANG ] C:\wamp64\www\tp1\thinkphp\lang\zh-cn.php
[ info ] [ ROUTE ] array (
  'type' => 'module',
  'module' => 
  array (
    0 => 'addUser',
    1 => 'user',
    2 => 'login',
  ),
)
[ info ] [ HEADER ] array (
  'host' => 'www.tp1.com',
  'connection' => 'keep-alive',
  'cache-control' => 'max-age=0',
  'user-agent' => 'Mozilla/5.0 (Windows NT 10.0; WOW64) AppleWebKit/537.36 (KHTML, like Gecko) Chrome/63.0.3239.132 Safari/537.36',
  'upgrade-insecure-requests' => '1',
  'accept' => 'text/html,application/xhtml+xml,application/xml;q=0.9,image/webp,image/apng,*/*;q=0.8',
  'accept-encoding' => 'gzip, deflate',
  'accept-language' => 'zh-CN,zh;q=0.9',
  'cookie' => 'pgv_pvi=8763799552; pgv_si=s8449638400',
)
[ info ] [ PARAM ] array (
)
[ info ] [ RUN ] app\adduser\controller\User->login[ C:\wamp64\www\tp1\ems\addUser\controller\User.php ]
[ info ] [ VIEW ] C:\wamp64\www\tp1\public/../ems/adduser\view\user\login.html [ array (
) ]
[ info ] [ LOG ] INIT File
---------------------------------------------------------------
[ 2018-10-10T19:59:21+08:00 ] 127.0.0.1 GET /addUser/user/login
[ info ] www.tp1.com/addUser/user/login [运行时间：0.143179s][吞吐率：6.98req/s] [内存消耗：2,923.24kb] [文件加载：41]
[ info ] [ LANG ] C:\wamp64\www\tp1\thinkphp\lang\zh-cn.php
[ info ] [ ROUTE ] array (
  'type' => 'module',
  'module' => 
  array (
    0 => 'addUser',
    1 => 'user',
    2 => 'login',
  ),
)
[ info ] [ HEADER ] array (
  'host' => 'www.tp1.com',
  'connection' => 'keep-alive',
  'cache-control' => 'max-age=0',
  'user-agent' => 'Mozilla/5.0 (Windows NT 10.0; WOW64) AppleWebKit/537.36 (KHTML, like Gecko) Chrome/63.0.3239.132 Safari/537.36',
  'upgrade-insecure-requests' => '1',
  'accept' => 'text/html,application/xhtml+xml,application/xml;q=0.9,image/webp,image/apng,*/*;q=0.8',
  'accept-encoding' => 'gzip, deflate',
  'accept-language' => 'zh-CN,zh;q=0.9',
  'cookie' => 'pgv_pvi=8763799552; pgv_si=s8449638400',
)
[ info ] [ PARAM ] array (
)
[ info ] [ RUN ] app\adduser\controller\User->login[ C:\wamp64\www\tp1\ems\addUser\controller\User.php ]
[ info ] [ VIEW ] C:\wamp64\www\tp1\public/../ems/adduser\view\user\login.html [ array (
) ]
[ info ] [ LOG ] INIT File
---------------------------------------------------------------
[ 2018-10-10T20:00:23+08:00 ] 127.0.0.1 GET /addUser/user/register
[ info ] www.tp1.com/addUser/user/register [运行时间：0.326805s][吞吐率：3.06req/s] [内存消耗：3,173.77kb] [文件加载：43]
[ info ] [ LANG ] C:\wamp64\www\tp1\thinkphp\lang\zh-cn.php
[ info ] [ ROUTE ] array (
  'type' => 'module',
  'module' => 
  array (
    0 => 'addUser',
    1 => 'user',
    2 => 'register',
  ),
)
[ info ] [ HEADER ] array (
  'host' => 'www.tp1.com',
  'connection' => 'keep-alive',
  'user-agent' => 'Mozilla/5.0 (Windows NT 10.0; WOW64) AppleWebKit/537.36 (KHTML, like Gecko) Chrome/63.0.3239.132 Safari/537.36',
  'upgrade-insecure-requests' => '1',
  'accept' => 'text/html,application/xhtml+xml,application/xml;q=0.9,image/webp,image/apng,*/*;q=0.8',
  'accept-encoding' => 'gzip, deflate',
  'accept-language' => 'zh-CN,zh;q=0.9',
  'cookie' => 'pgv_pvi=8763799552; pgv_si=s8449638400',
)
[ info ] [ PARAM ] array (
)
[ info ] [ RUN ] app\adduser\controller\User->register[ C:\wamp64\www\tp1\ems\addUser\controller\User.php ]
[ info ] [ VIEW ] C:\wamp64\www\tp1\public/../ems/adduser\view\user\register.html [ array (
) ]
[ info ] [ LOG ] INIT File
---------------------------------------------------------------
[ 2018-10-10T20:03:10+08:00 ] 127.0.0.1 GET /user/register
[ info ] www.tp1.com/user/register [运行时间：0.178612s][吞吐率：5.60req/s] [内存消耗：2,921.96kb] [文件加载：41]
[ info ] [ LANG ] C:\wamp64\www\tp1\thinkphp\lang\zh-cn.php
[ info ] [ ROUTE ] array (
  'type' => 'module',
  'module' => 
  array (
    0 => 'addUser',
    1 => 'user',
    2 => 'register',
  ),
  'convert' => false,
)
[ info ] [ HEADER ] array (
  'host' => 'www.tp1.com',
  'connection' => 'keep-alive',
  'user-agent' => 'Mozilla/5.0 (Windows NT 10.0; WOW64) AppleWebKit/537.36 (KHTML, like Gecko) Chrome/63.0.3239.132 Safari/537.36',
  'upgrade-insecure-requests' => '1',
  'accept' => 'text/html,application/xhtml+xml,application/xml;q=0.9,image/webp,image/apng,*/*;q=0.8',
  'accept-encoding' => 'gzip, deflate',
  'accept-language' => 'zh-CN,zh;q=0.9',
  'cookie' => 'pgv_pvi=8763799552; pgv_si=s8449638400',
)
[ info ] [ PARAM ] array (
)
[ info ] [ RUN ] app\adduser\controller\User->register[ C:\wamp64\www\tp1\ems\addUser\controller\User.php ]
[ info ] [ VIEW ] C:\wamp64\www\tp1\public/../ems/adduser\view\user\register.html [ array (
) ]
[ info ] [ LOG ] INIT File
---------------------------------------------------------------
[ 2018-10-10T20:03:19+08:00 ] 127.0.0.1 GET /addUser/user/login
[ info ] www.tp1.com/addUser/user/login [运行时间：0.191364s][吞吐率：5.23req/s] [内存消耗：2,466.38kb] [文件加载：35]
[ info ] [ LANG ] C:\wamp64\www\tp1\thinkphp\lang\zh-cn.php
[ info ] [ LOG ] INIT File
---------------------------------------------------------------
[ 2018-10-10T20:03:24+08:00 ] 127.0.0.1 GET /user/login
[ info ] www.tp1.com/user/login [运行时间：0.168994s][吞吐率：5.92req/s] [内存消耗：2,921.95kb] [文件加载：41]
[ info ] [ LANG ] C:\wamp64\www\tp1\thinkphp\lang\zh-cn.php
[ info ] [ ROUTE ] array (
  'type' => 'module',
  'module' => 
  array (
    0 => 'addUser',
    1 => 'user',
    2 => 'login',
  ),
  'convert' => false,
)
[ info ] [ HEADER ] array (
  'host' => 'www.tp1.com',
  'connection' => 'keep-alive',
  'user-agent' => 'Mozilla/5.0 (Windows NT 10.0; WOW64) AppleWebKit/537.36 (KHTML, like Gecko) Chrome/63.0.3239.132 Safari/537.36',
  'upgrade-insecure-requests' => '1',
  'accept' => 'text/html,application/xhtml+xml,application/xml;q=0.9,image/webp,image/apng,*/*;q=0.8',
  'accept-encoding' => 'gzip, deflate',
  'accept-language' => 'zh-CN,zh;q=0.9',
  'cookie' => 'pgv_pvi=8763799552; pgv_si=s8449638400',
)
[ info ] [ PARAM ] array (
)
[ info ] [ RUN ] app\adduser\controller\User->login[ C:\wamp64\www\tp1\ems\addUser\controller\User.php ]
[ info ] [ VIEW ] C:\wamp64\www\tp1\public/../ems/adduser\view\user\login.html [ array (
) ]
[ info ] [ LOG ] INIT File
