---------------------------------------------------------------
[ 2019-05-16T11:30:29+08:00 ] 127.0.0.1 GET /phone/login
[ info ] www.phone.com/phone/login [运行时间：0.108109s][吞吐率：9.25req/s] [内存消耗：5,213.87kb] [文件加载：52]
[ info ] [ LANG ] C:\wamp64\www\phone\thinkphp\lang\zh-cn.php
[ info ] [ ROUTE ] array (
  'type' => 'module',
  'module' => 
  array (
    0 => 'index',
    1 => 'login',
    2 => 'login',
  ),
  'convert' => false,
)
[ info ] [ HEADER ] array (
  'host' => 'www.phone.com',
  'connection' => 'keep-alive',
  'upgrade-insecure-requests' => '1',
  'user-agent' => 'Mozilla/5.0 (Windows NT 10.0; WOW64) AppleWebKit/537.36 (KHTML, like Gecko) Chrome/70.0.3538.110 Safari/537.36',
  'accept' => 'text/html,application/xhtml+xml,application/xml;q=0.9,image/webp,image/apng,*/*;q=0.8',
  'accept-encoding' => 'gzip, deflate',
  'accept-language' => 'zh-CN,zh;q=0.9',
)
[ info ] [ PARAM ] array (
)
[ info ] [ RUN ] app\index\controller\Login->login[ C:\wamp64\www\phone\ems\index\controller\Login.php ]
[ info ] [ SESSION ] INIT array (
  'id' => '',
  'var_session_id' => '',
  'prefix' => 'think',
  'type' => '',
  'auto_start' => true,
)
[ info ] [ DB ] INIT mysql
[ info ] [ VIEW ] C:\wamp64\www\phone\public/../ems/index\view\login\login.html [ array (
  0 => 'data',
) ]
[ info ] [ LOG ] INIT File
[ sql ] [ DB ] CONNECT:[ UseTime:0.004148s ] mysql:host=127.0.0.1;dbname=phonesystem;charset=utf8
[ sql ] [ SQL ] SHOW COLUMNS FROM `tp_system` [ RunTime:0.013078s ]
[ sql ] [ SQL ] SELECT * FROM `tp_system` WHERE `tp_system`.`delete_time` IS NULL LIMIT 1 [ RunTime:0.004563s ]
---------------------------------------------------------------
[ 2019-05-16T11:30:30+08:00 ] 127.0.0.1 GET /static/layer/js/theme/default/layer.css?v=3.1.1
[ info ] www.phone.com/static/layer/js/theme/default/layer.css?v=3.1.1 [运行时间：0.052592s][吞吐率：19.01req/s] [内存消耗：2,550.63kb] [文件加载：35]
[ info ] [ LANG ] C:\wamp64\www\phone\thinkphp\lang\zh-cn.php
[ info ] [ ROUTE ] array (
  'type' => 'module',
  'module' => 
  array (
    0 => 'static',
    1 => 'layer',
    2 => 'js',
  ),
)
[ info ] [ HEADER ] array (
  'host' => 'www.phone.com',
  'connection' => 'keep-alive',
  'user-agent' => 'Mozilla/5.0 (Windows NT 10.0; WOW64) AppleWebKit/537.36 (KHTML, like Gecko) Chrome/70.0.3538.110 Safari/537.36',
  'accept' => 'text/css,*/*;q=0.1',
  'referer' => 'http://www.phone.com/phone/login',
  'accept-encoding' => 'gzip, deflate',
  'accept-language' => 'zh-CN,zh;q=0.9',
  'cookie' => 'PHPSESSID=ldpva6h9rb0jot0c0vto3hd6j3',
)
[ info ] [ PARAM ] array (
  'v' => '3.1.1',
  'theme' => 'default',
)
[ info ] [ LOG ] INIT File
---------------------------------------------------------------
[ 2019-05-16T11:30:37+08:00 ] 127.0.0.1 POST /phone/login.html
[ info ] www.phone.com/phone/login.html [运行时间：0.066713s][吞吐率：14.99req/s] [内存消耗：5,311.76kb] [文件加载：53]
[ info ] [ LANG ] C:\wamp64\www\phone\thinkphp\lang\zh-cn.php
[ info ] [ ROUTE ] array (
  'type' => 'module',
  'module' => 
  array (
    0 => 'index',
    1 => 'login',
    2 => 'login',
  ),
  'convert' => false,
)
[ info ] [ HEADER ] array (
  'host' => 'www.phone.com',
  'connection' => 'keep-alive',
  'content-length' => '52',
  'accept' => 'application/json, text/javascript, */*; q=0.01',
  'origin' => 'http://www.phone.com',
  'x-requested-with' => 'XMLHttpRequest',
  'user-agent' => 'Mozilla/5.0 (Windows NT 10.0; WOW64) AppleWebKit/537.36 (KHTML, like Gecko) Chrome/70.0.3538.110 Safari/537.36',
  'content-type' => 'application/x-www-form-urlencoded; charset=UTF-8',
  'referer' => 'http://www.phone.com/phone/login',
  'accept-encoding' => 'gzip, deflate',
  'accept-language' => 'zh-CN,zh;q=0.9',
  'cookie' => 'PHPSESSID=ldpva6h9rb0jot0c0vto3hd6j3',
)
[ info ] [ PARAM ] array (
  'username' => '管理员',
  'password' => '123456',
)
[ info ] [ RUN ] app\index\controller\Login->login[ C:\wamp64\www\phone\ems\index\controller\Login.php ]
[ info ] [ DB ] INIT mysql
[ info ] [ SESSION ] INIT array (
  'id' => '',
  'var_session_id' => '',
  'prefix' => 'think',
  'type' => '',
  'auto_start' => true,
)
[ info ] [ LOG ] INIT File
[ sql ] [ DB ] CONNECT:[ UseTime:0.003322s ] mysql:host=127.0.0.1;dbname=phonesystem;charset=utf8
[ sql ] [ SQL ] SHOW COLUMNS FROM `tp_manger` [ RunTime:0.004266s ]
[ sql ] [ SQL ] SELECT * FROM `tp_manger` WHERE (  `manger_name` = '管理员' ) AND `tp_manger`.`delete_time` IS NULL LIMIT 1 [ RunTime:0.003071s ]
---------------------------------------------------------------
[ 2019-05-16T11:30:40+08:00 ] 127.0.0.1 GET /phone/index.html
[ info ] www.phone.com/phone/index.html [运行时间：0.216854s][吞吐率：4.61req/s] [内存消耗：7,072.34kb] [文件加载：60]
[ info ] [ LANG ] C:\wamp64\www\phone\thinkphp\lang\zh-cn.php
[ info ] [ ROUTE ] array (
  'type' => 'module',
  'module' => 
  array (
    0 => 'index',
    1 => 'index',
    2 => 'index',
  ),
  'convert' => false,
)
[ info ] [ HEADER ] array (
  'host' => 'www.phone.com',
  'connection' => 'keep-alive',
  'upgrade-insecure-requests' => '1',
  'user-agent' => 'Mozilla/5.0 (Windows NT 10.0; WOW64) AppleWebKit/537.36 (KHTML, like Gecko) Chrome/70.0.3538.110 Safari/537.36',
  'accept' => 'text/html,application/xhtml+xml,application/xml;q=0.9,image/webp,image/apng,*/*;q=0.8',
  'referer' => 'http://www.phone.com/phone/login',
  'accept-encoding' => 'gzip, deflate',
  'accept-language' => 'zh-CN,zh;q=0.9',
  'cookie' => 'PHPSESSID=ldpva6h9rb0jot0c0vto3hd6j3',
)
[ info ] [ PARAM ] array (
)
[ info ] [ RUN ] app\index\controller\Index->index[ C:\wamp64\www\phone\ems\index\controller\Index.php ]
[ info ] [ SESSION ] INIT array (
  'id' => '',
  'var_session_id' => '',
  'prefix' => 'think',
  'type' => '',
  'auto_start' => true,
)
[ info ] [ DB ] INIT mysql
[ info ] [ VIEW ] C:\wamp64\www\phone\public/../ems/index\view\index\index.html [ array (
  0 => 'order',
  1 => 'client',
  2 => 'manger',
  3 => 'loginTime',
  4 => 'data',
  5 => 'result',
) ]
[ info ] [ LOG ] INIT File
[ sql ] [ DB ] CONNECT:[ UseTime:0.001789s ] mysql:host=127.0.0.1;dbname=phonesystem;charset=utf8
[ sql ] [ SQL ] SHOW COLUMNS FROM `tp_manger` [ RunTime:0.001947s ]
[ sql ] [ SQL ] SELECT * FROM `tp_manger` WHERE (  `id` = 1 ) AND `tp_manger`.`delete_time` IS NULL LIMIT 1 [ RunTime:0.003846s ]
[ sql ] [ SQL ] SHOW COLUMNS FROM `tp_department` [ RunTime:0.003239s ]
[ sql ] [ SQL ] SELECT * FROM `tp_department` WHERE (  `id` = 1 ) AND `tp_department`.`delete_time` IS NULL [ RunTime:0.001333s ]
[ sql ] [ SQL ] SHOW COLUMNS FROM `tp_thing` [ RunTime:0.002534s ]
[ sql ] [ SQL ] SELECT * FROM `tp_thing` ORDER BY `id` DESC [ RunTime:0.001855s ]
[ sql ] [ SQL ] SELECT * FROM `tp_manger` WHERE (  `id` IN (1,2) ) AND `tp_manger`.`delete_time` IS NULL [ RunTime:0.003222s ]
[ sql ] [ SQL ] SHOW COLUMNS FROM `tp_order` [ RunTime:0.004337s ]
[ sql ] [ SQL ] SELECT COUNT(id) AS tp_count FROM `tp_order` WHERE `tp_order`.`delete_time` IS NULL LIMIT 1 [ RunTime:0.004907s ]
[ sql ] [ SQL ] SHOW COLUMNS FROM `tp_client` [ RunTime:0.005724s ]
[ sql ] [ SQL ] SELECT COUNT(id) AS tp_count FROM `tp_client` WHERE `tp_client`.`delete_time` IS NULL LIMIT 1 [ RunTime:0.001705s ]
[ sql ] [ SQL ] SELECT COUNT(*) AS tp_count FROM `tp_manger` WHERE `tp_manger`.`delete_time` IS NULL LIMIT 1 [ RunTime:0.001020s ]
[ sql ] [ SQL ] SELECT * FROM `tp_department` WHERE (  `id` = 1 ) AND `tp_department`.`delete_time` IS NULL LIMIT 1 [ RunTime:0.002196s ]
[ sql ] [ SQL ] SELECT * FROM `tp_department` WHERE (  `id` = 1 ) AND `tp_department`.`delete_time` IS NULL LIMIT 1 [ RunTime:0.001889s ]
[ sql ] [ SQL ] SELECT * FROM `tp_department` WHERE (  `id` = 1 ) AND `tp_department`.`delete_time` IS NULL LIMIT 1 [ RunTime:0.003750s ]
[ sql ] [ SQL ] SELECT * FROM `tp_department` WHERE (  `id` = 1 ) AND `tp_department`.`delete_time` IS NULL LIMIT 1 [ RunTime:0.002159s ]
[ sql ] [ SQL ] SELECT * FROM `tp_department` WHERE (  `id` = 1 ) AND `tp_department`.`delete_time` IS NULL LIMIT 1 [ RunTime:0.001406s ]
[ sql ] [ SQL ] SELECT * FROM `tp_department` WHERE (  `id` = 1 ) AND `tp_department`.`delete_time` IS NULL LIMIT 1 [ RunTime:0.001559s ]
[ sql ] [ SQL ] SELECT * FROM `tp_department` WHERE (  `id` = 1 ) AND `tp_department`.`delete_time` IS NULL LIMIT 1 [ RunTime:0.002016s ]
[ sql ] [ SQL ] SELECT * FROM `tp_department` WHERE (  `id` = 1 ) AND `tp_department`.`delete_time` IS NULL LIMIT 1 [ RunTime:0.001931s ]
[ sql ] [ SQL ] SELECT * FROM `tp_department` WHERE (  `id` = 1 ) AND `tp_department`.`delete_time` IS NULL LIMIT 1 [ RunTime:0.001145s ]
[ sql ] [ SQL ] SELECT * FROM `tp_department` WHERE (  `id` = 1 ) AND `tp_department`.`delete_time` IS NULL LIMIT 1 [ RunTime:0.001372s ]
[ sql ] [ SQL ] SELECT * FROM `tp_department` WHERE (  `id` = 1 ) AND `tp_department`.`delete_time` IS NULL LIMIT 1 [ RunTime:0.002444s ]
[ sql ] [ SQL ] SELECT * FROM `tp_department` WHERE (  `id` = 1 ) AND `tp_department`.`delete_time` IS NULL LIMIT 1 [ RunTime:0.001552s ]
[ sql ] [ SQL ] SELECT * FROM `tp_department` WHERE (  `id` = 1 ) AND `tp_department`.`delete_time` IS NULL LIMIT 1 [ RunTime:0.002180s ]
[ sql ] [ SQL ] SELECT * FROM `tp_department` WHERE (  `id` = 1 ) AND `tp_department`.`delete_time` IS NULL LIMIT 1 [ RunTime:0.001049s ]
[ sql ] [ SQL ] SELECT * FROM `tp_department` WHERE (  `id` = 1 ) AND `tp_department`.`delete_time` IS NULL LIMIT 1 [ RunTime:0.000911s ]
[ sql ] [ SQL ] SELECT * FROM `tp_department` WHERE (  `id` = 1 ) AND `tp_department`.`delete_time` IS NULL LIMIT 1 [ RunTime:0.000950s ]
[ sql ] [ SQL ] SELECT * FROM `tp_department` WHERE (  `id` = 1 ) AND `tp_department`.`delete_time` IS NULL LIMIT 1 [ RunTime:0.000885s ]
[ sql ] [ SQL ] SELECT * FROM `tp_department` WHERE (  `id` = 1 ) AND `tp_department`.`delete_time` IS NULL LIMIT 1 [ RunTime:0.001187s ]
[ sql ] [ SQL ] SELECT * FROM `tp_department` WHERE (  `id` = 1 ) AND `tp_department`.`delete_time` IS NULL LIMIT 1 [ RunTime:0.001557s ]
[ sql ] [ SQL ] SELECT * FROM `tp_department` WHERE (  `id` = 1 ) AND `tp_department`.`delete_time` IS NULL LIMIT 1 [ RunTime:0.001074s ]
[ sql ] [ SQL ] SELECT * FROM `tp_department` WHERE (  `id` = 1 ) AND `tp_department`.`delete_time` IS NULL LIMIT 1 [ RunTime:0.001103s ]
[ sql ] [ SQL ] SELECT * FROM `tp_department` WHERE (  `id` = 1 ) AND `tp_department`.`delete_time` IS NULL LIMIT 1 [ RunTime:0.001024s ]
[ sql ] [ SQL ] SELECT * FROM `tp_department` WHERE (  `id` = 1 ) AND `tp_department`.`delete_time` IS NULL LIMIT 1 [ RunTime:0.001423s ]
[ sql ] [ SQL ] SELECT * FROM `tp_department` WHERE (  `id` = 1 ) AND `tp_department`.`delete_time` IS NULL LIMIT 1 [ RunTime:0.001440s ]
[ sql ] [ SQL ] SELECT * FROM `tp_department` WHERE (  `id` = 1 ) AND `tp_department`.`delete_time` IS NULL LIMIT 1 [ RunTime:0.001791s ]
[ sql ] [ SQL ] SELECT * FROM `tp_department` WHERE (  `id` IS NULL ) AND `tp_department`.`delete_time` IS NULL LIMIT 1 [ RunTime:0.001075s ]
[ sql ] [ SQL ] SELECT * FROM `tp_department` WHERE (  `id` = 1 ) AND `tp_department`.`delete_time` IS NULL LIMIT 1 [ RunTime:0.001010s ]
[ sql ] [ SQL ] SELECT * FROM `tp_department` WHERE (  `id` = 1 ) AND `tp_department`.`delete_time` IS NULL LIMIT 1 [ RunTime:0.001047s ]
[ sql ] [ SQL ] SELECT * FROM `tp_department` WHERE (  `id` = 1 ) AND `tp_department`.`delete_time` IS NULL LIMIT 1 [ RunTime:0.000989s ]
[ sql ] [ SQL ] SELECT * FROM `tp_department` WHERE (  `id` = 1 ) AND `tp_department`.`delete_time` IS NULL LIMIT 1 [ RunTime:0.001021s ]
[ sql ] [ SQL ] SELECT * FROM `tp_department` WHERE (  `id` = 1 ) AND `tp_department`.`delete_time` IS NULL LIMIT 1 [ RunTime:0.001464s ]
[ sql ] [ SQL ] SELECT * FROM `tp_department` WHERE (  `id` = 1 ) AND `tp_department`.`delete_time` IS NULL LIMIT 1 [ RunTime:0.001214s ]
[ sql ] [ SQL ] SELECT * FROM `tp_department` WHERE (  `id` = 1 ) AND `tp_department`.`delete_time` IS NULL LIMIT 1 [ RunTime:0.002015s ]
[ sql ] [ SQL ] SELECT * FROM `tp_department` WHERE (  `id` = 1 ) AND `tp_department`.`delete_time` IS NULL LIMIT 1 [ RunTime:0.001129s ]
[ sql ] [ SQL ] SELECT * FROM `tp_department` WHERE (  `id` = 2 ) AND `tp_department`.`delete_time` IS NULL LIMIT 1 [ RunTime:0.001133s ]
[ sql ] [ SQL ] SELECT * FROM `tp_department` WHERE (  `id` = 2 ) AND `tp_department`.`delete_time` IS NULL LIMIT 1 [ RunTime:0.001060s ]
---------------------------------------------------------------
[ 2019-05-16T11:30:40+08:00 ] 127.0.0.1 GET /static/layer/js/theme/default/layer.css?v=3.1.1
[ info ] www.phone.com/static/layer/js/theme/default/layer.css?v=3.1.1 [运行时间：0.041915s][吞吐率：23.86req/s] [内存消耗：2,550.59kb] [文件加载：35]
[ info ] [ LANG ] C:\wamp64\www\phone\thinkphp\lang\zh-cn.php
[ info ] [ ROUTE ] array (
  'type' => 'module',
  'module' => 
  array (
    0 => 'static',
    1 => 'layer',
    2 => 'js',
  ),
)
[ info ] [ HEADER ] array (
  'host' => 'www.phone.com',
  'connection' => 'keep-alive',
  'user-agent' => 'Mozilla/5.0 (Windows NT 10.0; WOW64) AppleWebKit/537.36 (KHTML, like Gecko) Chrome/70.0.3538.110 Safari/537.36',
  'accept' => 'text/css,*/*;q=0.1',
  'referer' => 'http://www.phone.com/phone/index.html',
  'accept-encoding' => 'gzip, deflate',
  'accept-language' => 'zh-CN,zh;q=0.9',
  'cookie' => 'PHPSESSID=ldpva6h9rb0jot0c0vto3hd6j3',
)
[ info ] [ PARAM ] array (
  'v' => '3.1.1',
  'theme' => 'default',
)
[ info ] [ LOG ] INIT File
---------------------------------------------------------------
[ 2019-05-16T11:30:40+08:00 ] 127.0.0.1 POST /index/index/clientinfo.html
[ info ] www.phone.com/index/index/clientinfo.html [运行时间：0.111930s][吞吐率：8.93req/s] [内存消耗：5,689.46kb] [文件加载：51]
[ info ] [ LANG ] C:\wamp64\www\phone\thinkphp\lang\zh-cn.php
[ info ] [ ROUTE ] array (
  'type' => 'module',
  'module' => 
  array (
    0 => 'index',
    1 => 'index',
    2 => 'clientinfo',
  ),
)
[ info ] [ HEADER ] array (
  'host' => 'www.phone.com',
  'connection' => 'keep-alive',
  'content-length' => '0',
  'accept' => 'application/json, text/javascript, */*; q=0.01',
  'origin' => 'http://www.phone.com',
  'x-requested-with' => 'XMLHttpRequest',
  'user-agent' => 'Mozilla/5.0 (Windows NT 10.0; WOW64) AppleWebKit/537.36 (KHTML, like Gecko) Chrome/70.0.3538.110 Safari/537.36',
  'referer' => 'http://www.phone.com/phone/index.html',
  'accept-encoding' => 'gzip, deflate',
  'accept-language' => 'zh-CN,zh;q=0.9',
  'cookie' => 'PHPSESSID=ldpva6h9rb0jot0c0vto3hd6j3',
)
[ info ] [ PARAM ] array (
)
[ info ] [ RUN ] app\index\controller\Index->clientInfo[ C:\wamp64\www\phone\ems\index\controller\Index.php ]
[ info ] [ DB ] INIT mysql
[ info ] [ LOG ] INIT File
[ sql ] [ DB ] CONNECT:[ UseTime:0.001475s ] mysql:host=127.0.0.1;dbname=phonesystem;charset=utf8
[ sql ] [ SQL ] SHOW COLUMNS FROM `tp_client` [ RunTime:0.003056s ]
[ sql ] [ SQL ] SELECT COUNT(*) AS tp_count FROM `tp_client` WHERE (  `job` = '学生' ) AND `tp_client`.`delete_time` IS NULL LIMIT 1 [ RunTime:0.001432s ]
[ sql ] [ SQL ] SELECT COUNT(*) AS tp_count FROM `tp_client` WHERE (  `job` = '就业人士' ) AND `tp_client`.`delete_time` IS NULL LIMIT 1 [ RunTime:0.002136s ]
[ sql ] [ SQL ] SELECT COUNT(*) AS tp_count FROM `tp_client` WHERE (  `job` = '待业人士' ) AND `tp_client`.`delete_time` IS NULL LIMIT 1 [ RunTime:0.001732s ]
[ sql ] [ SQL ] SELECT COUNT(*) AS tp_count FROM `tp_client` WHERE (  `job` = '老年人' ) AND `tp_client`.`delete_time` IS NULL LIMIT 1 [ RunTime:0.003306s ]
[ sql ] [ SQL ] SELECT COUNT(*) AS tp_count FROM `tp_client` WHERE (  `job` = '其他' ) AND `tp_client`.`delete_time` IS NULL LIMIT 1 [ RunTime:0.002437s ]
---------------------------------------------------------------
[ 2019-05-16T11:30:40+08:00 ] 127.0.0.1 POST /index/index/clientnum.html
[ info ] www.phone.com/index/index/clientnum.html [运行时间：0.113486s][吞吐率：8.81req/s] [内存消耗：5,688.70kb] [文件加载：51]
[ info ] [ LANG ] C:\wamp64\www\phone\thinkphp\lang\zh-cn.php
[ info ] [ ROUTE ] array (
  'type' => 'module',
  'module' => 
  array (
    0 => 'index',
    1 => 'index',
    2 => 'clientnum',
  ),
)
[ info ] [ HEADER ] array (
  'host' => 'www.phone.com',
  'connection' => 'keep-alive',
  'content-length' => '0',
  'accept' => 'application/json, text/javascript, */*; q=0.01',
  'origin' => 'http://www.phone.com',
  'x-requested-with' => 'XMLHttpRequest',
  'user-agent' => 'Mozilla/5.0 (Windows NT 10.0; WOW64) AppleWebKit/537.36 (KHTML, like Gecko) Chrome/70.0.3538.110 Safari/537.36',
  'referer' => 'http://www.phone.com/phone/index.html',
  'accept-encoding' => 'gzip, deflate',
  'accept-language' => 'zh-CN,zh;q=0.9',
  'cookie' => 'PHPSESSID=ldpva6h9rb0jot0c0vto3hd6j3',
)
[ info ] [ PARAM ] array (
)
[ info ] [ RUN ] app\index\controller\Index->clientNum[ C:\wamp64\www\phone\ems\index\controller\Index.php ]
[ info ] [ DB ] INIT mysql
[ info ] [ LOG ] INIT File
[ sql ] [ DB ] CONNECT:[ UseTime:0.002972s ] mysql:host=127.0.0.1;dbname=phonesystem;charset=utf8
[ sql ] [ SQL ] SHOW COLUMNS FROM `tp_client` [ RunTime:0.003454s ]
[ sql ] [ SQL ] SELECT COUNT(id) AS tp_count FROM `tp_client` WHERE (  `months` = 1 ) AND `tp_client`.`delete_time` IS NULL LIMIT 1 [ RunTime:0.002465s ]
[ sql ] [ SQL ] SELECT COUNT(id) AS tp_count FROM `tp_client` WHERE (  `months` = 2 ) AND `tp_client`.`delete_time` IS NULL LIMIT 1 [ RunTime:0.002296s ]
[ sql ] [ SQL ] SELECT COUNT(id) AS tp_count FROM `tp_client` WHERE (  `months` = 3 ) AND `tp_client`.`delete_time` IS NULL LIMIT 1 [ RunTime:0.002156s ]
[ sql ] [ SQL ] SELECT COUNT(id) AS tp_count FROM `tp_client` WHERE (  `months` = 4 ) AND `tp_client`.`delete_time` IS NULL LIMIT 1 [ RunTime:0.003426s ]
---------------------------------------------------------------
[ 2019-05-16T11:30:40+08:00 ] 127.0.0.1 POST /index/index/productinfo.html
[ info ] www.phone.com/index/index/productinfo.html [运行时间：0.129800s][吞吐率：7.70req/s] [内存消耗：5,897.30kb] [文件加载：53]
[ info ] [ LANG ] C:\wamp64\www\phone\thinkphp\lang\zh-cn.php
[ info ] [ ROUTE ] array (
  'type' => 'module',
  'module' => 
  array (
    0 => 'index',
    1 => 'index',
    2 => 'productinfo',
  ),
)
[ info ] [ HEADER ] array (
  'host' => 'www.phone.com',
  'connection' => 'keep-alive',
  'content-length' => '0',
  'accept' => 'application/json, text/javascript, */*; q=0.01',
  'origin' => 'http://www.phone.com',
  'x-requested-with' => 'XMLHttpRequest',
  'user-agent' => 'Mozilla/5.0 (Windows NT 10.0; WOW64) AppleWebKit/537.36 (KHTML, like Gecko) Chrome/70.0.3538.110 Safari/537.36',
  'referer' => 'http://www.phone.com/phone/index.html',
  'accept-encoding' => 'gzip, deflate',
  'accept-language' => 'zh-CN,zh;q=0.9',
  'cookie' => 'PHPSESSID=ldpva6h9rb0jot0c0vto3hd6j3',
)
[ info ] [ PARAM ] array (
)
[ info ] [ RUN ] app\index\controller\Index->productInfo[ C:\wamp64\www\phone\ems\index\controller\Index.php ]
[ info ] [ DB ] INIT mysql
[ info ] [ LOG ] INIT File
[ sql ] [ DB ] CONNECT:[ UseTime:0.003036s ] mysql:host=127.0.0.1;dbname=phonesystem;charset=utf8
[ sql ] [ SQL ] SHOW COLUMNS FROM `tp_rolepro` [ RunTime:0.005202s ]
[ sql ] [ SQL ] SELECT * FROM `tp_rolepro` WHERE `tp_rolepro`.`delete_time` IS NULL [ RunTime:0.002578s ]
[ sql ] [ SQL ] SHOW COLUMNS FROM `tp_product` [ RunTime:0.004868s ]
[ sql ] [ SQL ] SELECT * FROM `tp_product` WHERE (  `role_id` IN (1,2,3,4,5) ) AND `tp_product`.`delete_time` IS NULL [ RunTime:0.002021s ]
---------------------------------------------------------------
[ 2019-05-16T11:30:44+08:00 ] 127.0.0.1 GET /phone/manger.html
[ info ] www.phone.com/phone/manger.html [运行时间：0.082467s][吞吐率：12.13req/s] [内存消耗：6,428.94kb] [文件加载：61]
[ info ] [ LANG ] C:\wamp64\www\phone\thinkphp\lang\zh-cn.php
[ info ] [ ROUTE ] array (
  'type' => 'module',
  'module' => 
  array (
    0 => 'index',
    1 => 'index',
    2 => 'mangerList',
  ),
  'convert' => false,
)
[ info ] [ HEADER ] array (
  'host' => 'www.phone.com',
  'connection' => 'keep-alive',
  'upgrade-insecure-requests' => '1',
  'user-agent' => 'Mozilla/5.0 (Windows NT 10.0; WOW64) AppleWebKit/537.36 (KHTML, like Gecko) Chrome/70.0.3538.110 Safari/537.36',
  'accept' => 'text/html,application/xhtml+xml,application/xml;q=0.9,image/webp,image/apng,*/*;q=0.8',
  'referer' => 'http://www.phone.com/phone/index.html',
  'accept-encoding' => 'gzip, deflate',
  'accept-language' => 'zh-CN,zh;q=0.9',
  'cookie' => 'PHPSESSID=ldpva6h9rb0jot0c0vto3hd6j3',
)
[ info ] [ PARAM ] array (
)
[ info ] [ RUN ] app\index\controller\Index->mangerList[ C:\wamp64\www\phone\ems\index\controller\Index.php ]
[ info ] [ SESSION ] INIT array (
  'id' => '',
  'var_session_id' => '',
  'prefix' => 'think',
  'type' => '',
  'auto_start' => true,
)
[ info ] [ DB ] INIT mysql
[ info ] [ VIEW ] C:\wamp64\www\phone\public/../ems/index\view\index\manger_list.html [ array (
  0 => 'data',
  1 => 'page',
  2 => 'pageinit',
) ]
[ info ] [ LOG ] INIT File
[ sql ] [ DB ] CONNECT:[ UseTime:0.001481s ] mysql:host=127.0.0.1;dbname=phonesystem;charset=utf8
[ sql ] [ SQL ] SHOW COLUMNS FROM `tp_manger` [ RunTime:0.001502s ]
[ sql ] [ SQL ] SELECT COUNT(*) AS tp_count FROM `tp_manger` WHERE `tp_manger`.`delete_time` IS NULL LIMIT 1 [ RunTime:0.000866s ]
[ sql ] [ SQL ] SELECT * FROM `tp_manger` WHERE `tp_manger`.`delete_time` IS NULL ORDER BY `id` ASC LIMIT 0,2 [ RunTime:0.001285s ]
[ sql ] [ SQL ] SHOW COLUMNS FROM `tp_department` [ RunTime:0.001337s ]
[ sql ] [ SQL ] SELECT * FROM `tp_department` WHERE (  `id` IN (1) ) AND `tp_department`.`delete_time` IS NULL [ RunTime:0.001046s ]
[ sql ] [ SQL ] SHOW COLUMNS FROM `tp_role` [ RunTime:0.003881s ]
[ sql ] [ SQL ] SELECT * FROM `tp_role` WHERE (  `id` = 1 ) AND `tp_role`.`delete_time` IS NULL LIMIT 1 [ RunTime:0.001487s ]
[ sql ] [ SQL ] SELECT * FROM `tp_role` WHERE (  `id` = 2 ) AND `tp_role`.`delete_time` IS NULL LIMIT 1 [ RunTime:0.000855s ]
---------------------------------------------------------------
[ 2019-05-16T11:30:44+08:00 ] 127.0.0.1 GET /static/layer/js/theme/default/layer.css?v=3.1.1
[ info ] www.phone.com/static/layer/js/theme/default/layer.css?v=3.1.1 [运行时间：0.032072s][吞吐率：31.18req/s] [内存消耗：2,550.59kb] [文件加载：35]
[ info ] [ LANG ] C:\wamp64\www\phone\thinkphp\lang\zh-cn.php
[ info ] [ ROUTE ] array (
  'type' => 'module',
  'module' => 
  array (
    0 => 'static',
    1 => 'layer',
    2 => 'js',
  ),
)
[ info ] [ HEADER ] array (
  'host' => 'www.phone.com',
  'connection' => 'keep-alive',
  'user-agent' => 'Mozilla/5.0 (Windows NT 10.0; WOW64) AppleWebKit/537.36 (KHTML, like Gecko) Chrome/70.0.3538.110 Safari/537.36',
  'accept' => 'text/css,*/*;q=0.1',
  'referer' => 'http://www.phone.com/phone/manger.html',
  'accept-encoding' => 'gzip, deflate',
  'accept-language' => 'zh-CN,zh;q=0.9',
  'cookie' => 'PHPSESSID=ldpva6h9rb0jot0c0vto3hd6j3',
)
[ info ] [ PARAM ] array (
  'v' => '3.1.1',
  'theme' => 'default',
)
[ info ] [ LOG ] INIT File
---------------------------------------------------------------
[ 2019-05-16T11:30:45+08:00 ] 127.0.0.1 GET /index/index/addmanger.html
[ info ] www.phone.com/index/index/addmanger.html [运行时间：0.077623s][吞吐率：12.88req/s] [内存消耗：5,969.07kb] [文件加载：53]
[ info ] [ LANG ] C:\wamp64\www\phone\thinkphp\lang\zh-cn.php
[ info ] [ ROUTE ] array (
  'type' => 'module',
  'module' => 
  array (
    0 => 'index',
    1 => 'index',
    2 => 'addmanger',
  ),
)
[ info ] [ HEADER ] array (
  'host' => 'www.phone.com',
  'connection' => 'keep-alive',
  'upgrade-insecure-requests' => '1',
  'user-agent' => 'Mozilla/5.0 (Windows NT 10.0; WOW64) AppleWebKit/537.36 (KHTML, like Gecko) Chrome/70.0.3538.110 Safari/537.36',
  'accept' => 'text/html,application/xhtml+xml,application/xml;q=0.9,image/webp,image/apng,*/*;q=0.8',
  'referer' => 'http://www.phone.com/phone/manger.html',
  'accept-encoding' => 'gzip, deflate',
  'accept-language' => 'zh-CN,zh;q=0.9',
  'cookie' => 'PHPSESSID=ldpva6h9rb0jot0c0vto3hd6j3',
)
[ info ] [ PARAM ] array (
)
[ info ] [ RUN ] app\index\controller\Index->addManger[ C:\wamp64\www\phone\ems\index\controller\Index.php ]
[ info ] [ DB ] INIT mysql
[ info ] [ VIEW ] C:\wamp64\www\phone\public/../ems/index\view\index\add_manger.html [ array (
  0 => 'department',
  1 => 'role',
) ]
[ info ] [ SESSION ] INIT array (
  'id' => '',
  'var_session_id' => '',
  'prefix' => 'think',
  'type' => '',
  'auto_start' => true,
)
[ info ] [ LOG ] INIT File
[ sql ] [ DB ] CONNECT:[ UseTime:0.011912s ] mysql:host=127.0.0.1;dbname=phonesystem;charset=utf8
[ sql ] [ SQL ] SHOW COLUMNS FROM `tp_department` [ RunTime:0.001996s ]
[ sql ] [ SQL ] SELECT * FROM `tp_department` WHERE `tp_department`.`delete_time` IS NULL [ RunTime:0.000813s ]
[ sql ] [ SQL ] SHOW COLUMNS FROM `tp_role` [ RunTime:0.002388s ]
[ sql ] [ SQL ] SELECT * FROM `tp_role` WHERE (  `id` > 1 ) AND `tp_role`.`delete_time` IS NULL [ RunTime:0.001922s ]
---------------------------------------------------------------
[ 2019-05-16T11:30:45+08:00 ] 127.0.0.1 GET /static/layer/js/theme/default/layer.css?v=3.1.1
[ info ] www.phone.com/static/layer/js/theme/default/layer.css?v=3.1.1 [运行时间：0.042378s][吞吐率：23.60req/s] [内存消耗：2,550.42kb] [文件加载：35]
[ info ] [ LANG ] C:\wamp64\www\phone\thinkphp\lang\zh-cn.php
[ info ] [ ROUTE ] array (
  'type' => 'module',
  'module' => 
  array (
    0 => 'static',
    1 => 'layer',
    2 => 'js',
  ),
)
[ info ] [ HEADER ] array (
  'host' => 'www.phone.com',
  'connection' => 'keep-alive',
  'user-agent' => 'Mozilla/5.0 (Windows NT 10.0; WOW64) AppleWebKit/537.36 (KHTML, like Gecko) Chrome/70.0.3538.110 Safari/537.36',
  'accept' => 'text/css,*/*;q=0.1',
  'referer' => 'http://www.phone.com/index/index/addmanger.html',
  'accept-encoding' => 'gzip, deflate',
  'accept-language' => 'zh-CN,zh;q=0.9',
  'cookie' => 'PHPSESSID=ldpva6h9rb0jot0c0vto3hd6j3',
)
[ info ] [ PARAM ] array (
  'v' => '3.1.1',
  'theme' => 'default',
)
[ info ] [ LOG ] INIT File
---------------------------------------------------------------
[ 2019-05-16T11:30:48+08:00 ] 127.0.0.1 GET /phone/order_list.html
[ info ] www.phone.com/phone/order_list.html [运行时间：0.083364s][吞吐率：12.00req/s] [内存消耗：6,453.78kb] [文件加载：61]
[ info ] [ LANG ] C:\wamp64\www\phone\thinkphp\lang\zh-cn.php
[ info ] [ ROUTE ] array (
  'type' => 'module',
  'module' => 
  array (
    0 => 'index',
    1 => 'index',
    2 => 'orderList',
  ),
  'convert' => false,
)
[ info ] [ HEADER ] array (
  'host' => 'www.phone.com',
  'connection' => 'keep-alive',
  'upgrade-insecure-requests' => '1',
  'user-agent' => 'Mozilla/5.0 (Windows NT 10.0; WOW64) AppleWebKit/537.36 (KHTML, like Gecko) Chrome/70.0.3538.110 Safari/537.36',
  'accept' => 'text/html,application/xhtml+xml,application/xml;q=0.9,image/webp,image/apng,*/*;q=0.8',
  'referer' => 'http://www.phone.com/index/index/addmanger.html',
  'accept-encoding' => 'gzip, deflate',
  'accept-language' => 'zh-CN,zh;q=0.9',
  'cookie' => 'PHPSESSID=ldpva6h9rb0jot0c0vto3hd6j3',
)
[ info ] [ PARAM ] array (
)
[ info ] [ RUN ] app\index\controller\Index->orderList[ C:\wamp64\www\phone\ems\index\controller\Index.php ]
[ info ] [ DB ] INIT mysql
[ info ] [ VIEW ] C:\wamp64\www\phone\public/../ems/index\view\index\order_list.html [ array (
  0 => 'page',
  1 => 'pageinit',
  2 => 'data',
) ]
[ info ] [ SESSION ] INIT array (
  'id' => '',
  'var_session_id' => '',
  'prefix' => 'think',
  'type' => '',
  'auto_start' => true,
)
[ info ] [ LOG ] INIT File
[ sql ] [ DB ] CONNECT:[ UseTime:0.001706s ] mysql:host=127.0.0.1;dbname=phonesystem;charset=utf8
[ sql ] [ SQL ] SHOW COLUMNS FROM `tp_order` [ RunTime:0.001340s ]
[ sql ] [ SQL ] SELECT COUNT(*) AS tp_count FROM `tp_order` WHERE `tp_order`.`delete_time` IS NULL LIMIT 1 [ RunTime:0.000984s ]
[ sql ] [ SQL ] SELECT * FROM `tp_order` WHERE `tp_order`.`delete_time` IS NULL ORDER BY `id` DESC LIMIT 0,2 [ RunTime:0.003091s ]
[ sql ] [ SQL ] SHOW COLUMNS FROM `tp_manger` [ RunTime:0.001818s ]
[ sql ] [ SQL ] SELECT * FROM `tp_manger` WHERE (  `id` IN (1) ) AND `tp_manger`.`delete_time` IS NULL [ RunTime:0.001066s ]
[ sql ] [ SQL ] SHOW COLUMNS FROM `tp_product` [ RunTime:0.001915s ]
[ sql ] [ SQL ] SELECT * FROM `tp_product` WHERE (  `id` = 1 ) AND `tp_product`.`delete_time` IS NULL LIMIT 1 [ RunTime:0.001058s ]
[ sql ] [ SQL ] SELECT * FROM `tp_product` WHERE (  `id` = 1 ) AND `tp_product`.`delete_time` IS NULL LIMIT 1 [ RunTime:0.000984s ]
---------------------------------------------------------------
[ 2019-05-16T11:30:48+08:00 ] 127.0.0.1 GET /static/layer/js/theme/default/layer.css?v=3.1.1
[ info ] www.phone.com/static/layer/js/theme/default/layer.css?v=3.1.1 [运行时间：0.041743s][吞吐率：23.96req/s] [内存消耗：2,550.28kb] [文件加载：35]
[ info ] [ LANG ] C:\wamp64\www\phone\thinkphp\lang\zh-cn.php
[ info ] [ ROUTE ] array (
  'type' => 'module',
  'module' => 
  array (
    0 => 'static',
    1 => 'layer',
    2 => 'js',
  ),
)
[ info ] [ HEADER ] array (
  'host' => 'www.phone.com',
  'connection' => 'keep-alive',
  'user-agent' => 'Mozilla/5.0 (Windows NT 10.0; WOW64) AppleWebKit/537.36 (KHTML, like Gecko) Chrome/70.0.3538.110 Safari/537.36',
  'accept' => 'text/css,*/*;q=0.1',
  'referer' => 'http://www.phone.com/phone/order_list.html',
  'accept-encoding' => 'gzip, deflate',
  'accept-language' => 'zh-CN,zh;q=0.9',
  'cookie' => 'PHPSESSID=ldpva6h9rb0jot0c0vto3hd6j3',
)
[ info ] [ PARAM ] array (
  'v' => '3.1.1',
  'theme' => 'default',
)
[ info ] [ LOG ] INIT File
---------------------------------------------------------------
[ 2019-05-16T11:30:50+08:00 ] 127.0.0.1 GET /phone/wage_manger.html
[ info ] www.phone.com/phone/wage_manger.html [运行时间：0.093516s][吞吐率：10.69req/s] [内存消耗：6,562.25kb] [文件加载：62]
[ info ] [ LANG ] C:\wamp64\www\phone\thinkphp\lang\zh-cn.php
[ info ] [ ROUTE ] array (
  'type' => 'module',
  'module' => 
  array (
    0 => 'index',
    1 => 'index',
    2 => 'wageManger',
  ),
  'convert' => false,
)
[ info ] [ HEADER ] array (
  'host' => 'www.phone.com',
  'connection' => 'keep-alive',
  'upgrade-insecure-requests' => '1',
  'user-agent' => 'Mozilla/5.0 (Windows NT 10.0; WOW64) AppleWebKit/537.36 (KHTML, like Gecko) Chrome/70.0.3538.110 Safari/537.36',
  'accept' => 'text/html,application/xhtml+xml,application/xml;q=0.9,image/webp,image/apng,*/*;q=0.8',
  'referer' => 'http://www.phone.com/phone/order_list.html',
  'accept-encoding' => 'gzip, deflate',
  'accept-language' => 'zh-CN,zh;q=0.9',
  'cookie' => 'PHPSESSID=ldpva6h9rb0jot0c0vto3hd6j3',
)
[ info ] [ PARAM ] array (
)
[ info ] [ RUN ] app\index\controller\Index->wageManger[ C:\wamp64\www\phone\ems\index\controller\Index.php ]
[ info ] [ DB ] INIT mysql
[ info ] [ VIEW ] C:\wamp64\www\phone\public/../ems/index\view\index\wage_manger.html [ array (
  0 => 'page',
  1 => 'pageinit',
  2 => 'data',
  3 => 'tax',
  4 => 'manger',
  5 => 'department',
) ]
[ info ] [ SESSION ] INIT array (
  'id' => '',
  'var_session_id' => '',
  'prefix' => 'think',
  'type' => '',
  'auto_start' => true,
)
[ info ] [ LOG ] INIT File
[ sql ] [ DB ] CONNECT:[ UseTime:0.001817s ] mysql:host=127.0.0.1;dbname=phonesystem;charset=utf8
[ sql ] [ SQL ] SHOW COLUMNS FROM `tp_wages` [ RunTime:0.003821s ]
[ sql ] [ SQL ] SELECT COUNT(*) AS tp_count FROM `tp_wages` WHERE `tp_wages`.`delete_time` IS NULL LIMIT 1 [ RunTime:0.001531s ]
[ sql ] [ SQL ] SELECT * FROM `tp_wages` WHERE `tp_wages`.`delete_time` IS NULL ORDER BY `state` DESC LIMIT 0,2 [ RunTime:0.002191s ]
[ sql ] [ SQL ] SHOW COLUMNS FROM `tp_manger` [ RunTime:0.003695s ]
[ sql ] [ SQL ] SELECT * FROM `tp_manger` WHERE (  `id` IN (2) ) AND `tp_manger`.`delete_time` IS NULL [ RunTime:0.001850s ]
[ sql ] [ SQL ] SHOW COLUMNS FROM `tp_taxrate` [ RunTime:0.002992s ]
[ sql ] [ SQL ] SELECT * FROM `tp_taxrate` WHERE `tp_taxrate`.`delete_time` IS NULL LIMIT 1 [ RunTime:0.001127s ]
[ sql ] [ SQL ] SELECT * FROM `tp_manger` WHERE (  `id` > 1 ) AND `tp_manger`.`delete_time` IS NULL [ RunTime:0.001920s ]
[ sql ] [ SQL ] SHOW COLUMNS FROM `tp_department` [ RunTime:0.001621s ]
[ sql ] [ SQL ] SELECT * FROM `tp_department` WHERE `tp_department`.`delete_time` IS NULL [ RunTime:0.001149s ]
[ sql ] [ SQL ] SELECT * FROM `tp_department` WHERE (  `id` = 1 ) AND `tp_department`.`delete_time` IS NULL LIMIT 1 [ RunTime:0.002363s ]
---------------------------------------------------------------
[ 2019-05-16T11:30:50+08:00 ] 127.0.0.1 GET /static/layer/js/theme/default/layer.css?v=3.1.1
[ info ] www.phone.com/static/layer/js/theme/default/layer.css?v=3.1.1 [运行时间：0.039553s][吞吐率：25.28req/s] [内存消耗：2,550.28kb] [文件加载：35]
[ info ] [ LANG ] C:\wamp64\www\phone\thinkphp\lang\zh-cn.php
[ info ] [ ROUTE ] array (
  'type' => 'module',
  'module' => 
  array (
    0 => 'static',
    1 => 'layer',
    2 => 'js',
  ),
)
[ info ] [ HEADER ] array (
  'host' => 'www.phone.com',
  'connection' => 'keep-alive',
  'user-agent' => 'Mozilla/5.0 (Windows NT 10.0; WOW64) AppleWebKit/537.36 (KHTML, like Gecko) Chrome/70.0.3538.110 Safari/537.36',
  'accept' => 'text/css,*/*;q=0.1',
  'referer' => 'http://www.phone.com/phone/wage_manger.html',
  'accept-encoding' => 'gzip, deflate',
  'accept-language' => 'zh-CN,zh;q=0.9',
  'cookie' => 'PHPSESSID=ldpva6h9rb0jot0c0vto3hd6j3',
)
[ info ] [ PARAM ] array (
  'v' => '3.1.1',
  'theme' => 'default',
)
[ info ] [ LOG ] INIT File
---------------------------------------------------------------
[ 2019-05-16T11:30:53+08:00 ] 127.0.0.1 GET /phone/profit_manger.html
[ info ] www.phone.com/phone/profit_manger.html [运行时间：0.067925s][吞吐率：14.72req/s] [内存消耗：6,056.46kb] [文件加载：56]
[ info ] [ LANG ] C:\wamp64\www\phone\thinkphp\lang\zh-cn.php
[ info ] [ ROUTE ] array (
  'type' => 'module',
  'module' => 
  array (
    0 => 'index',
    1 => 'index',
    2 => 'profitManger',
  ),
  'convert' => false,
)
[ info ] [ HEADER ] array (
  'host' => 'www.phone.com',
  'connection' => 'keep-alive',
  'upgrade-insecure-requests' => '1',
  'user-agent' => 'Mozilla/5.0 (Windows NT 10.0; WOW64) AppleWebKit/537.36 (KHTML, like Gecko) Chrome/70.0.3538.110 Safari/537.36',
  'accept' => 'text/html,application/xhtml+xml,application/xml;q=0.9,image/webp,image/apng,*/*;q=0.8',
  'referer' => 'http://www.phone.com/phone/wage_manger.html',
  'accept-encoding' => 'gzip, deflate',
  'accept-language' => 'zh-CN,zh;q=0.9',
  'cookie' => 'PHPSESSID=ldpva6h9rb0jot0c0vto3hd6j3',
)
[ info ] [ PARAM ] array (
)
[ info ] [ RUN ] app\index\controller\Index->profitManger[ C:\wamp64\www\phone\ems\index\controller\Index.php ]
[ info ] [ DB ] INIT mysql
[ info ] [ VIEW ] C:\wamp64\www\phone\public/../ems/index\view\index\profit_manger.html [ array (
  0 => 'page',
  1 => 'pageinit',
  2 => 'data',
) ]
[ info ] [ SESSION ] INIT array (
  'id' => '',
  'var_session_id' => '',
  'prefix' => 'think',
  'type' => '',
  'auto_start' => true,
)
[ info ] [ LOG ] INIT File
[ sql ] [ DB ] CONNECT:[ UseTime:0.011547s ] mysql:host=127.0.0.1;dbname=phonesystem;charset=utf8
[ sql ] [ SQL ] SHOW COLUMNS FROM `tp_profit` [ RunTime:0.002713s ]
[ sql ] [ SQL ] SELECT COUNT(*) AS tp_count FROM `tp_profit` WHERE `tp_profit`.`delete_time` IS NULL LIMIT 1 [ RunTime:0.000465s ]
[ sql ] [ SQL ] SELECT * FROM `tp_profit` WHERE `tp_profit`.`delete_time` IS NULL ORDER BY `months` DESC LIMIT 0,2 [ RunTime:0.000814s ]
---------------------------------------------------------------
[ 2019-05-16T11:30:53+08:00 ] 127.0.0.1 GET /static/layer/js/theme/default/layer.css?v=3.1.1
[ info ] www.phone.com/static/layer/js/theme/default/layer.css?v=3.1.1 [运行时间：0.037144s][吞吐率：26.92req/s] [内存消耗：2,550.36kb] [文件加载：35]
[ info ] [ LANG ] C:\wamp64\www\phone\thinkphp\lang\zh-cn.php
[ info ] [ ROUTE ] array (
  'type' => 'module',
  'module' => 
  array (
    0 => 'static',
    1 => 'layer',
    2 => 'js',
  ),
)
[ info ] [ HEADER ] array (
  'host' => 'www.phone.com',
  'connection' => 'keep-alive',
  'user-agent' => 'Mozilla/5.0 (Windows NT 10.0; WOW64) AppleWebKit/537.36 (KHTML, like Gecko) Chrome/70.0.3538.110 Safari/537.36',
  'accept' => 'text/css,*/*;q=0.1',
  'referer' => 'http://www.phone.com/phone/profit_manger.html',
  'accept-encoding' => 'gzip, deflate',
  'accept-language' => 'zh-CN,zh;q=0.9',
  'cookie' => 'PHPSESSID=ldpva6h9rb0jot0c0vto3hd6j3',
)
[ info ] [ PARAM ] array (
  'v' => '3.1.1',
  'theme' => 'default',
)
[ info ] [ LOG ] INIT File
